<?xml version="1.0" encoding="UTF-8"?>
<testsuite name="org.apache.commons.math3.util.Decimal64Test" time="0.031" tests="63" errors="0" skipped="0" failures="0">
  <properties>
    <property name="java.runtime.name" value="OpenJDK Runtime Environment"/>
    <property name="sun.boot.library.path" value="/usr/lib/jvm/java-7-openjdk-amd64/jre/lib/amd64"/>
    <property name="java.vm.version" value="24.95-b01"/>
    <property name="java.vm.vendor" value="Oracle Corporation"/>
    <property name="maven.multiModuleProjectDirectory" value="/mnt/secondary/projects/math/math_4"/>
    <property name="java.vendor.url" value="http://java.oracle.com/"/>
    <property name="path.separator" value=":"/>
    <property name="guice.disable.misplaced.annotation.check" value="true"/>
    <property name="java.vm.name" value="OpenJDK 64-Bit Server VM"/>
    <property name="file.encoding.pkg" value="sun.io"/>
    <property name="user.country" value="US"/>
    <property name="sun.java.launcher" value="SUN_STANDARD"/>
    <property name="sun.os.patch.level" value="unknown"/>
    <property name="java.vm.specification.name" value="Java Virtual Machine Specification"/>
    <property name="user.dir" value="/mnt/secondary/projects/math/math_4"/>
    <property name="java.runtime.version" value="1.7.0_95-b00"/>
    <property name="java.awt.graphicsenv" value="sun.awt.X11GraphicsEnvironment"/>
    <property name="java.endorsed.dirs" value="/usr/lib/jvm/java-7-openjdk-amd64/jre/lib/endorsed"/>
    <property name="os.arch" value="amd64"/>
    <property name="java.io.tmpdir" value="/tmp"/>
    <property name="line.separator" value="&#10;"/>
    <property name="java.vm.specification.vendor" value="Oracle Corporation"/>
    <property name="os.name" value="Linux"/>
    <property name="classworlds.conf" value="/usr/share/maven/bin/m2.conf"/>
    <property name="sun.jnu.encoding" value="UTF-8"/>
    <property name="java.library.path" value="/home/thomas/jetbreain/idea-IU/bin::/usr/java/packages/lib/amd64:/usr/lib/x86_64-linux-gnu/jni:/lib/x86_64-linux-gnu:/usr/lib/x86_64-linux-gnu:/usr/lib/jni:/lib:/usr/lib"/>
    <property name="java.specification.name" value="Java Platform API Specification"/>
    <property name="java.class.version" value="51.0"/>
    <property name="sun.management.compiler" value="HotSpot 64-Bit Tiered Compilers"/>
    <property name="os.version" value="4.4.0-67-generic"/>
    <property name="user.home" value="/home/thomas"/>
    <property name="user.timezone" value="GMT+01:00"/>
    <property name="java.awt.printerjob" value="sun.print.PSPrinterJob"/>
    <property name="file.encoding" value="UTF-8"/>
    <property name="java.specification.version" value="1.7"/>
    <property name="user.name" value="thomas"/>
    <property name="java.class.path" value="/usr/share/maven/boot/plexus-classworlds-2.x.jar"/>
    <property name="java.vm.specification.version" value="1.7"/>
    <property name="sun.arch.data.model" value="64"/>
    <property name="java.home" value="/usr/lib/jvm/java-7-openjdk-amd64/jre"/>
    <property name="sun.java.command" value="org.codehaus.plexus.classworlds.launcher.Launcher clean test"/>
    <property name="java.specification.vendor" value="Oracle Corporation"/>
    <property name="user.language" value="en"/>
    <property name="awt.toolkit" value="sun.awt.X11.XToolkit"/>
    <property name="java.vm.info" value="mixed mode"/>
    <property name="java.version" value="1.7.0_95"/>
    <property name="java.ext.dirs" value="/usr/lib/jvm/java-7-openjdk-amd64/jre/lib/ext:/usr/java/packages/lib/ext"/>
    <property name="securerandom.source" value="file:/dev/./urandom"/>
    <property name="sun.boot.class.path" value="/usr/lib/jvm/java-7-openjdk-amd64/jre/lib/resources.jar:/usr/lib/jvm/java-7-openjdk-amd64/jre/lib/rt.jar:/usr/lib/jvm/java-7-openjdk-amd64/jre/lib/sunrsasign.jar:/usr/lib/jvm/java-7-openjdk-amd64/jre/lib/jsse.jar:/usr/lib/jvm/java-7-openjdk-amd64/jre/lib/jce.jar:/usr/lib/jvm/java-7-openjdk-amd64/jre/lib/charsets.jar:/usr/lib/jvm/java-7-openjdk-amd64/jre/lib/rhino.jar:/usr/lib/jvm/java-7-openjdk-amd64/jre/lib/jfr.jar:/usr/lib/jvm/java-7-openjdk-amd64/jre/classes"/>
    <property name="java.vendor" value="Oracle Corporation"/>
    <property name="maven.home" value="/usr/share/maven"/>
    <property name="file.separator" value="/"/>
    <property name="java.vendor.url.bug" value="http://bugreport.sun.com/bugreport/"/>
    <property name="sun.cpu.endian" value="little"/>
    <property name="sun.io.unicode.encoding" value="UnicodeLittle"/>
    <property name="sun.desktop" value="gnome"/>
    <property name="sun.cpu.isalist" value=""/>
  </properties>
  <testcase name="testMultiply" classname="org.apache.commons.math3.util.Decimal64Test" time="0"/>
  <testcase name="testDivide" classname="org.apache.commons.math3.util.Decimal64Test" time="0"/>
  <testcase name="testReciprocal" classname="org.apache.commons.math3.util.Decimal64Test" time="0"/>
  <testcase name="testAdd" classname="org.apache.commons.math3.util.Decimal64Test" time="0"/>
  <testcase name="testNegate" classname="org.apache.commons.math3.util.Decimal64Test" time="0"/>
  <testcase name="testSubtract" classname="org.apache.commons.math3.util.Decimal64Test" time="0"/>
  <testcase name="testIsInfinite" classname="org.apache.commons.math3.util.Decimal64Test" time="0"/>
  <testcase name="testIsNaN" classname="org.apache.commons.math3.util.Decimal64Test" time="0"/>
  <testcase name="testRound" classname="org.apache.commons.math3.util.Decimal64Test" time="0"/>
  <testcase name="testSin" classname="org.apache.commons.math3.util.Decimal64Test" time="0.001"/>
  <testcase name="testCeil" classname="org.apache.commons.math3.util.Decimal64Test" time="0"/>
  <testcase name="testFloor" classname="org.apache.commons.math3.util.Decimal64Test" time="0"/>
  <testcase name="testRint" classname="org.apache.commons.math3.util.Decimal64Test" time="0"/>
  <testcase name="testSqrt" classname="org.apache.commons.math3.util.Decimal64Test" time="0"/>
  <testcase name="testAddField" classname="org.apache.commons.math3.util.Decimal64Test" time="0.002"/>
  <testcase name="testAddDouble" classname="org.apache.commons.math3.util.Decimal64Test" time="0.002"/>
  <testcase name="testSubtractField" classname="org.apache.commons.math3.util.Decimal64Test" time="0.001"/>
  <testcase name="testSubtractDouble" classname="org.apache.commons.math3.util.Decimal64Test" time="0.001"/>
  <testcase name="testMultiplyField" classname="org.apache.commons.math3.util.Decimal64Test" time="0.002"/>
  <testcase name="testMultiplyDouble" classname="org.apache.commons.math3.util.Decimal64Test" time="0"/>
  <testcase name="testMultiplyInt" classname="org.apache.commons.math3.util.Decimal64Test" time="0"/>
  <testcase name="testDivideField" classname="org.apache.commons.math3.util.Decimal64Test" time="0.001"/>
  <testcase name="testDivideDouble" classname="org.apache.commons.math3.util.Decimal64Test" time="0.001"/>
  <testcase name="testRemainderField" classname="org.apache.commons.math3.util.Decimal64Test" time="0.001"/>
  <testcase name="testRemainderDouble" classname="org.apache.commons.math3.util.Decimal64Test" time="0"/>
  <testcase name="testCos" classname="org.apache.commons.math3.util.Decimal64Test" time="0"/>
  <testcase name="testAcos" classname="org.apache.commons.math3.util.Decimal64Test" time="0"/>
  <testcase name="testAsin" classname="org.apache.commons.math3.util.Decimal64Test" time="0"/>
  <testcase name="testTan" classname="org.apache.commons.math3.util.Decimal64Test" time="0.001"/>
  <testcase name="testAtan" classname="org.apache.commons.math3.util.Decimal64Test" time="0"/>
  <testcase name="testAtan2" classname="org.apache.commons.math3.util.Decimal64Test" time="0.003"/>
  <testcase name="testCosh" classname="org.apache.commons.math3.util.Decimal64Test" time="0"/>
  <testcase name="testAcosh" classname="org.apache.commons.math3.util.Decimal64Test" time="0"/>
  <testcase name="testSinh" classname="org.apache.commons.math3.util.Decimal64Test" time="0"/>
  <testcase name="testAsinh" classname="org.apache.commons.math3.util.Decimal64Test" time="0"/>
  <testcase name="testTanh" classname="org.apache.commons.math3.util.Decimal64Test" time="0.001"/>
  <testcase name="testAtanh" classname="org.apache.commons.math3.util.Decimal64Test" time="0"/>
  <testcase name="testCbrt" classname="org.apache.commons.math3.util.Decimal64Test" time="0"/>
  <testcase name="testHypot" classname="org.apache.commons.math3.util.Decimal64Test" time="0"/>
  <testcase name="testRootN" classname="org.apache.commons.math3.util.Decimal64Test" time="0"/>
  <testcase name="testPowField" classname="org.apache.commons.math3.util.Decimal64Test" time="0.001"/>
  <testcase name="testPowDouble" classname="org.apache.commons.math3.util.Decimal64Test" time="0.001"/>
  <testcase name="testPowInt" classname="org.apache.commons.math3.util.Decimal64Test" time="0"/>
  <testcase name="testExp" classname="org.apache.commons.math3.util.Decimal64Test" time="0"/>
  <testcase name="testExpm1" classname="org.apache.commons.math3.util.Decimal64Test" time="0"/>
  <testcase name="testLog" classname="org.apache.commons.math3.util.Decimal64Test" time="0"/>
  <testcase name="testLog1p" classname="org.apache.commons.math3.util.Decimal64Test" time="0.001"/>
  <testcase name="testAbs" classname="org.apache.commons.math3.util.Decimal64Test" time="0"/>
  <testcase name="testSignum" classname="org.apache.commons.math3.util.Decimal64Test" time="0"/>
  <testcase name="testCopySignField" classname="org.apache.commons.math3.util.Decimal64Test" time="0.001"/>
  <testcase name="testCopySignDouble" classname="org.apache.commons.math3.util.Decimal64Test" time="0"/>
  <testcase name="testScalb" classname="org.apache.commons.math3.util.Decimal64Test" time="0.004"/>
  <testcase name="testLinearCombinationFaFa" classname="org.apache.commons.math3.util.Decimal64Test" time="0.002"/>
  <testcase name="testLinearCombinationDaFa" classname="org.apache.commons.math3.util.Decimal64Test" time="0.001"/>
  <testcase name="testLinearCombinationFF2" classname="org.apache.commons.math3.util.Decimal64Test" time="0"/>
  <testcase name="testLinearCombinationDF2" classname="org.apache.commons.math3.util.Decimal64Test" time="0.001"/>
  <testcase name="testLinearCombinationFF3" classname="org.apache.commons.math3.util.Decimal64Test" time="0"/>
  <testcase name="testLinearCombinationDF3" classname="org.apache.commons.math3.util.Decimal64Test" time="0.001"/>
  <testcase name="testLinearCombinationFF4" classname="org.apache.commons.math3.util.Decimal64Test" time="0.001"/>
  <testcase name="testLinearCombinationDF4" classname="org.apache.commons.math3.util.Decimal64Test" time="0"/>
  <testcase name="testGetField" classname="org.apache.commons.math3.util.Decimal64Test" time="0"/>
  <testcase name="testEquals" classname="org.apache.commons.math3.util.Decimal64Test" time="0"/>
  <testcase name="testHash" classname="org.apache.commons.math3.util.Decimal64Test" time="0"/>
</testsuite>