<?xml version="1.0" encoding="UTF-8"?>
<testsuite name="org.apache.commons.math3.linear.EigenDecompositionTest" time="0.325" tests="28" errors="0" skipped="2" failures="0">
  <properties>
    <property name="java.runtime.name" value="OpenJDK Runtime Environment"/>
    <property name="sun.boot.library.path" value="/usr/lib/jvm/java-7-openjdk-amd64/jre/lib/amd64"/>
    <property name="java.vm.version" value="24.95-b01"/>
    <property name="java.vm.vendor" value="Oracle Corporation"/>
    <property name="maven.multiModuleProjectDirectory" value="/mnt/secondary/projects/math/math_4"/>
    <property name="java.vendor.url" value="http://java.oracle.com/"/>
    <property name="path.separator" value=":"/>
    <property name="guice.disable.misplaced.annotation.check" value="true"/>
    <property name="java.vm.name" value="OpenJDK 64-Bit Server VM"/>
    <property name="file.encoding.pkg" value="sun.io"/>
    <property name="user.country" value="US"/>
    <property name="sun.java.launcher" value="SUN_STANDARD"/>
    <property name="sun.os.patch.level" value="unknown"/>
    <property name="java.vm.specification.name" value="Java Virtual Machine Specification"/>
    <property name="user.dir" value="/mnt/secondary/projects/math/math_4"/>
    <property name="java.runtime.version" value="1.7.0_95-b00"/>
    <property name="java.awt.graphicsenv" value="sun.awt.X11GraphicsEnvironment"/>
    <property name="java.endorsed.dirs" value="/usr/lib/jvm/java-7-openjdk-amd64/jre/lib/endorsed"/>
    <property name="os.arch" value="amd64"/>
    <property name="java.io.tmpdir" value="/tmp"/>
    <property name="line.separator" value="&#10;"/>
    <property name="java.vm.specification.vendor" value="Oracle Corporation"/>
    <property name="os.name" value="Linux"/>
    <property name="classworlds.conf" value="/usr/share/maven/bin/m2.conf"/>
    <property name="sun.jnu.encoding" value="UTF-8"/>
    <property name="java.library.path" value="/home/thomas/jetbreain/idea-IU/bin::/usr/java/packages/lib/amd64:/usr/lib/x86_64-linux-gnu/jni:/lib/x86_64-linux-gnu:/usr/lib/x86_64-linux-gnu:/usr/lib/jni:/lib:/usr/lib"/>
    <property name="java.specification.name" value="Java Platform API Specification"/>
    <property name="java.class.version" value="51.0"/>
    <property name="sun.management.compiler" value="HotSpot 64-Bit Tiered Compilers"/>
    <property name="os.version" value="4.4.0-67-generic"/>
    <property name="user.home" value="/home/thomas"/>
    <property name="user.timezone" value="GMT+01:00"/>
    <property name="java.awt.printerjob" value="sun.print.PSPrinterJob"/>
    <property name="file.encoding" value="UTF-8"/>
    <property name="java.specification.version" value="1.7"/>
    <property name="user.name" value="thomas"/>
    <property name="java.class.path" value="/usr/share/maven/boot/plexus-classworlds-2.x.jar"/>
    <property name="java.vm.specification.version" value="1.7"/>
    <property name="sun.arch.data.model" value="64"/>
    <property name="java.home" value="/usr/lib/jvm/java-7-openjdk-amd64/jre"/>
    <property name="sun.java.command" value="org.codehaus.plexus.classworlds.launcher.Launcher clean test"/>
    <property name="java.specification.vendor" value="Oracle Corporation"/>
    <property name="user.language" value="en"/>
    <property name="awt.toolkit" value="sun.awt.X11.XToolkit"/>
    <property name="java.vm.info" value="mixed mode"/>
    <property name="java.version" value="1.7.0_95"/>
    <property name="java.ext.dirs" value="/usr/lib/jvm/java-7-openjdk-amd64/jre/lib/ext:/usr/java/packages/lib/ext"/>
    <property name="securerandom.source" value="file:/dev/./urandom"/>
    <property name="sun.boot.class.path" value="/usr/lib/jvm/java-7-openjdk-amd64/jre/lib/resources.jar:/usr/lib/jvm/java-7-openjdk-amd64/jre/lib/rt.jar:/usr/lib/jvm/java-7-openjdk-amd64/jre/lib/sunrsasign.jar:/usr/lib/jvm/java-7-openjdk-amd64/jre/lib/jsse.jar:/usr/lib/jvm/java-7-openjdk-amd64/jre/lib/jce.jar:/usr/lib/jvm/java-7-openjdk-amd64/jre/lib/charsets.jar:/usr/lib/jvm/java-7-openjdk-amd64/jre/lib/rhino.jar:/usr/lib/jvm/java-7-openjdk-amd64/jre/lib/jfr.jar:/usr/lib/jvm/java-7-openjdk-amd64/jre/classes"/>
    <property name="java.vendor" value="Oracle Corporation"/>
    <property name="maven.home" value="/usr/share/maven"/>
    <property name="file.separator" value="/"/>
    <property name="java.vendor.url.bug" value="http://bugreport.sun.com/bugreport/"/>
    <property name="sun.cpu.endian" value="little"/>
    <property name="sun.io.unicode.encoding" value="UnicodeLittle"/>
    <property name="sun.desktop" value="gnome"/>
    <property name="sun.cpu.isalist" value=""/>
  </properties>
  <testcase name="testSquareRoot" classname="org.apache.commons.math3.linear.EigenDecompositionTest" time="0.001"/>
  <testcase name="testNormalDistributionUnsymmetricMatrix" classname="org.apache.commons.math3.linear.EigenDecompositionTest" time="0">
    <skipped/>
  </testcase>
  <testcase name="testMath848" classname="org.apache.commons.math3.linear.EigenDecompositionTest" time="0.004"/>
  <testcase name="testEigenvectors" classname="org.apache.commons.math3.linear.EigenDecompositionTest" time="0"/>
  <testcase name="testAEqualVDVt" classname="org.apache.commons.math3.linear.EigenDecompositionTest" time="0"/>
  <testcase name="testVOrthogonal" classname="org.apache.commons.math3.linear.EigenDecompositionTest" time="0.001"/>
  <testcase name="testDiagonal" classname="org.apache.commons.math3.linear.EigenDecompositionTest" time="0"/>
  <testcase name="testRepeatedEigenvalue" classname="org.apache.commons.math3.linear.EigenDecompositionTest" time="0"/>
  <testcase name="testDistinctEigenvalues" classname="org.apache.commons.math3.linear.EigenDecompositionTest" time="0"/>
  <testcase name="testZeroDivide" classname="org.apache.commons.math3.linear.EigenDecompositionTest" time="0"/>
  <testcase name="testDimensions" classname="org.apache.commons.math3.linear.EigenDecompositionTest" time="0.001"/>
  <testcase name="testMathpbx02" classname="org.apache.commons.math3.linear.EigenDecompositionTest" time="0"/>
  <testcase name="testMathpbx03" classname="org.apache.commons.math3.linear.EigenDecompositionTest" time="0"/>
  <testcase name="testTridiagonal" classname="org.apache.commons.math3.linear.EigenDecompositionTest" time="0.003"/>
  <testcase name="testEigenvalues" classname="org.apache.commons.math3.linear.EigenDecompositionTest" time="0"/>
  <testcase name="testBigMatrix" classname="org.apache.commons.math3.linear.EigenDecompositionTest" time="0.31"/>
  <testcase name="testSymmetric" classname="org.apache.commons.math3.linear.EigenDecompositionTest" time="0.001"/>
  <testcase name="testSquareRootNonSymmetric" classname="org.apache.commons.math3.linear.EigenDecompositionTest" time="0"/>
  <testcase name="testSquareRootNonPositiveDefinite" classname="org.apache.commons.math3.linear.EigenDecompositionTest" time="0"/>
  <testcase name="testUnsymmetric" classname="org.apache.commons.math3.linear.EigenDecompositionTest" time="0.003"/>
  <testcase name="testRandomUnsymmetricMatrix" classname="org.apache.commons.math3.linear.EigenDecompositionTest" time="0">
    <skipped/>
  </testcase>
  <testcase name="testDimension2" classname="org.apache.commons.math3.linear.EigenDecompositionTest" time="0"/>
  <testcase name="testMath308" classname="org.apache.commons.math3.linear.EigenDecompositionTest" time="0"/>
  <testcase name="testDimension3" classname="org.apache.commons.math3.linear.EigenDecompositionTest" time="0"/>
  <testcase name="testDimension3MultipleRoot" classname="org.apache.commons.math3.linear.EigenDecompositionTest" time="0"/>
  <testcase name="testDimension4WithSplit" classname="org.apache.commons.math3.linear.EigenDecompositionTest" time="0"/>
  <testcase name="testDimension4WithoutSplit" classname="org.apache.commons.math3.linear.EigenDecompositionTest" time="0.001"/>
  <testcase name="testDimension1" classname="org.apache.commons.math3.linear.EigenDecompositionTest" time="0"/>
</testsuite>