<?xml version="1.0" encoding="UTF-8"?>
<testsuite name="org.apache.qpid.server.logging.VirtualHostLoggerTest" time="0.922" tests="1" errors="1" skipped="0" failures="0">
  <properties>
    <property name="java.runtime.name" value="OpenJDK Runtime Environment"/>
    <property name="sun.boot.library.path" value="/usr/lib/jvm/java-7-openjdk-amd64/jre/lib/amd64"/>
    <property name="java.vm.version" value="24.95-b01"/>
    <property name="java.vm.vendor" value="Oracle Corporation"/>
    <property name="maven.multiModuleProjectDirectory" value="/home/thomas/git/npedataset/qpid-6687"/>
    <property name="java.vendor.url" value="http://java.oracle.com/"/>
    <property name="path.separator" value=":"/>
    <property name="guice.disable.misplaced.annotation.check" value="true"/>
    <property name="java.vm.name" value="OpenJDK 64-Bit Server VM"/>
    <property name="file.encoding.pkg" value="sun.io"/>
    <property name="user.country" value="US"/>
    <property name="sun.java.launcher" value="SUN_STANDARD"/>
    <property name="sun.os.patch.level" value="unknown"/>
    <property name="java.vm.specification.name" value="Java Virtual Machine Specification"/>
    <property name="user.dir" value="/home/thomas/git/npedataset/qpid-6687"/>
    <property name="java.runtime.version" value="1.7.0_95-b00"/>
    <property name="java.awt.graphicsenv" value="sun.awt.X11GraphicsEnvironment"/>
    <property name="java.endorsed.dirs" value="/usr/lib/jvm/java-7-openjdk-amd64/jre/lib/endorsed"/>
    <property name="os.arch" value="amd64"/>
    <property name="java.io.tmpdir" value="/tmp"/>
    <property name="line.separator" value="&#10;"/>
    <property name="java.vm.specification.vendor" value="Oracle Corporation"/>
    <property name="os.name" value="Linux"/>
    <property name="classworlds.conf" value="/usr/share/maven//bin/m2.conf"/>
    <property name="sun.jnu.encoding" value="UTF-8"/>
    <property name="java.library.path" value="/usr/java/packages/lib/amd64:/usr/lib/x86_64-linux-gnu/jni:/lib/x86_64-linux-gnu:/usr/lib/x86_64-linux-gnu:/usr/lib/jni:/lib:/usr/lib"/>
    <property name="java.specification.name" value="Java Platform API Specification"/>
    <property name="java.class.version" value="51.0"/>
    <property name="sun.management.compiler" value="HotSpot 64-Bit Tiered Compilers"/>
    <property name="os.version" value="4.4.0-67-generic"/>
    <property name="user.home" value="/home/thomas"/>
    <property name="user.timezone" value="GMT+01:00"/>
    <property name="java.awt.printerjob" value="sun.print.PSPrinterJob"/>
    <property name="file.encoding" value="UTF-8"/>
    <property name="java.specification.version" value="1.7"/>
    <property name="user.name" value="thomas"/>
    <property name="java.class.path" value="/usr/share/maven//boot/plexus-classworlds-2.x.jar"/>
    <property name="java.vm.specification.version" value="1.7"/>
    <property name="sun.arch.data.model" value="64"/>
    <property name="java.home" value="/usr/lib/jvm/java-7-openjdk-amd64/jre"/>
    <property name="sun.java.command" value="org.codehaus.plexus.classworlds.launcher.Launcher test"/>
    <property name="java.specification.vendor" value="Oracle Corporation"/>
    <property name="user.language" value="en"/>
    <property name="awt.toolkit" value="sun.awt.X11.XToolkit"/>
    <property name="java.vm.info" value="mixed mode"/>
    <property name="java.version" value="1.7.0_95"/>
    <property name="java.ext.dirs" value="/usr/lib/jvm/java-7-openjdk-amd64/jre/lib/ext:/usr/java/packages/lib/ext"/>
    <property name="securerandom.source" value="file:/dev/./urandom"/>
    <property name="sun.boot.class.path" value="/usr/lib/jvm/java-7-openjdk-amd64/jre/lib/resources.jar:/usr/lib/jvm/java-7-openjdk-amd64/jre/lib/rt.jar:/usr/lib/jvm/java-7-openjdk-amd64/jre/lib/sunrsasign.jar:/usr/lib/jvm/java-7-openjdk-amd64/jre/lib/jsse.jar:/usr/lib/jvm/java-7-openjdk-amd64/jre/lib/jce.jar:/usr/lib/jvm/java-7-openjdk-amd64/jre/lib/charsets.jar:/usr/lib/jvm/java-7-openjdk-amd64/jre/lib/rhino.jar:/usr/lib/jvm/java-7-openjdk-amd64/jre/lib/jfr.jar:/usr/lib/jvm/java-7-openjdk-amd64/jre/classes"/>
    <property name="java.vendor" value="Oracle Corporation"/>
    <property name="maven.home" value="/usr/share/maven"/>
    <property name="file.separator" value="/"/>
    <property name="java.vendor.url.bug" value="http://bugreport.sun.com/bugreport/"/>
    <property name="sun.cpu.endian" value="little"/>
    <property name="sun.io.unicode.encoding" value="UnicodeLittle"/>
    <property name="sun.desktop" value="gnome"/>
    <property name="sun.cpu.isalist" value=""/>
  </properties>
  <testcase name="testStopLoggingLoggerInErroredState" classname="org.apache.qpid.server.logging.VirtualHostLoggerTest" time="0.922">
    <error type="java.lang.ExceptionInInitializerError:"><![CDATA[java.lang.ExceptionInInitializerError: null
	at java.util.ResourceBundle.throwMissingResourceException(ResourceBundle.java:1499)
	at java.util.ResourceBundle.getBundleImpl(ResourceBundle.java:1322)
	at java.util.ResourceBundle.getBundle(ResourceBundle.java:795)
	at org.apache.qpid.server.logging.messages.VirtualHostMessages.<clinit>(VirtualHostMessages.java:67)
	at org.apache.qpid.server.virtualhost.AbstractVirtualHost.<init>(AbstractVirtualHost.java:210)
	at org.apache.qpid.server.virtualhost.TestMemoryVirtualHost.<init>(TestMemoryVirtualHost.java:40)
	at org.apache.qpid.server.logging.VirtualHostLoggerTest.setUp(VirtualHostLoggerTest.java:91)
]]></error>
    <system-out><![CDATA[09:13:06,645 |-INFO in ch.qos.logback.classic.LoggerContext[default] - Could NOT find resource [logback.groovy]
09:13:06,645 |-INFO in ch.qos.logback.classic.LoggerContext[default] - Could NOT find resource [logback-test.xml]
09:13:06,645 |-INFO in ch.qos.logback.classic.LoggerContext[default] - Found resource [logback.xml] at [jar:file:/home/thomas/.m2/repository/org/apache/qpid/qpid-test-utils/6.0.0/qpid-test-utils-6.0.0.jar!/logback.xml]
09:13:06,672 |-INFO in ch.qos.logback.core.joran.spi.ConfigurationWatchList@42009b7d - URL [jar:file:/home/thomas/.m2/repository/org/apache/qpid/qpid-test-utils/6.0.0/qpid-test-utils-6.0.0.jar!/logback.xml] is not of type file
09:13:06,806 |-INFO in ch.qos.logback.classic.joran.action.ContextNameAction - Setting logger context name as [qpid-test-utils]
09:13:06,807 |-INFO in ch.qos.logback.core.joran.action.AppenderAction - About to instantiate appender of type [ch.qos.logback.classic.sift.SiftingAppender]
09:13:06,811 |-INFO in ch.qos.logback.core.joran.action.AppenderAction - Naming appender as [RootSiftAppender]
09:13:06,866 |-INFO in ch.qos.logback.core.joran.action.NestedComplexPropertyIA - Assuming default type [ch.qos.logback.classic.sift.MDCBasedDiscriminator] for [discriminator] property
09:13:06,878 |-INFO in ch.qos.logback.classic.joran.action.RootLoggerAction - Setting level of ROOT logger to DEBUG
09:13:06,879 |-INFO in ch.qos.logback.core.joran.action.AppenderRefAction - Attaching appender named [RootSiftAppender] to Logger[ROOT]
09:13:06,881 |-INFO in ch.qos.logback.core.joran.action.ShutdownHookAction - About to instantiate shutdown hook of type [ch.qos.logback.core.hook.DelayingShutdownHook]
09:13:06,883 |-INFO in ch.qos.logback.classic.joran.action.ConfigurationAction - End of configuration.
09:13:06,884 |-INFO in ch.qos.logback.classic.joran.JoranConfigurator@b24acca - Registering current configuration as safe fallback point
09:13:06,894 |-INFO in ch.qos.logback.core.joran.action.AppenderAction - About to instantiate appender of type [ch.qos.logback.core.FileAppender]
09:13:06,899 |-INFO in ch.qos.logback.core.joran.action.AppenderAction - Naming appender as [FILE-org.apache.qpid.server.logging.VirtualHostLoggerTest.testStopLoggingLoggerInErroredState]
09:13:06,910 |-INFO in ch.qos.logback.core.joran.action.NestedComplexPropertyIA - Assuming default type [ch.qos.logback.classic.encoder.PatternLayoutEncoder] for [encoder] property
09:13:06,962 |-INFO in ch.qos.logback.core.FileAppender[FILE-org.apache.qpid.server.logging.VirtualHostLoggerTest.testStopLoggingLoggerInErroredState] - File property is set to [test.output.dir_IS_UNDEFINED/TEST-org.apache.qpid.server.logging.VirtualHostLoggerTest.testStopLoggingLoggerInErroredState.txt]
]]></system-out>
  </testcase>
</testsuite>