<?xml version="1.0" encoding="UTF-8" ?>
<testsuite failures="0" time="0.337" errors="0" skipped="0" tests="54" name="org.apache.commons.math.util.MathUtilsTest">
  <properties>
    <property name="java.runtime.name" value="OpenJDK Runtime Environment"/>
    <property name="sun.boot.library.path" value="/usr/lib/jvm/java-7-openjdk-amd64/jre/lib/amd64"/>
    <property name="java.vm.version" value="24.95-b01"/>
    <property name="java.vm.vendor" value="Oracle Corporation"/>
    <property name="java.vendor.url" value="http://java.oracle.com/"/>
    <property name="path.separator" value=":"/>
    <property name="java.vm.name" value="OpenJDK 64-Bit Server VM"/>
    <property name="file.encoding.pkg" value="sun.io"/>
    <property name="user.country" value="US"/>
    <property name="sun.java.launcher" value="SUN_STANDARD"/>
    <property name="sun.os.patch.level" value="unknown"/>
    <property name="java.vm.specification.name" value="Java Virtual Machine Specification"/>
    <property name="user.dir" value="/mnt/secondary/projects/math/math_79"/>
    <property name="java.runtime.version" value="1.7.0_95-b00"/>
    <property name="java.awt.graphicsenv" value="sun.awt.X11GraphicsEnvironment"/>
    <property name="basedir" value="/mnt/secondary/projects/math/math_79"/>
    <property name="java.endorsed.dirs" value="/usr/lib/jvm/java-7-openjdk-amd64/jre/lib/endorsed"/>
    <property name="os.arch" value="amd64"/>
    <property name="surefire.real.class.path" value="/tmp/surefirebooter11723580049389203.jar"/>
    <property name="java.io.tmpdir" value="/tmp"/>
    <property name="line.separator" value="
"/>
    <property name="java.vm.specification.vendor" value="Oracle Corporation"/>
    <property name="os.name" value="Linux"/>
    <property name="sun.jnu.encoding" value="UTF-8"/>
    <property name="java.library.path" value="/home/thomas/jetbreain/idea-IU/bin::/usr/java/packages/lib/amd64:/usr/lib/x86_64-linux-gnu/jni:/lib/x86_64-linux-gnu:/usr/lib/x86_64-linux-gnu:/usr/lib/jni:/lib:/usr/lib"/>
    <property name="surefire.test.class.path" value="/mnt/secondary/projects/math/math_79/target/test-classes:/mnt/secondary/projects/math/math_79/target/classes:/home/thomas/.m2/repository/junit/junit/4.4/junit-4.4.jar:"/>
    <property name="java.specification.name" value="Java Platform API Specification"/>
    <property name="java.class.version" value="51.0"/>
    <property name="sun.management.compiler" value="HotSpot 64-Bit Tiered Compilers"/>
    <property name="os.version" value="4.4.0-67-generic"/>
    <property name="user.home" value="/home/thomas"/>
    <property name="user.timezone" value=""/>
    <property name="java.awt.printerjob" value="sun.print.PSPrinterJob"/>
    <property name="file.encoding" value="UTF-8"/>
    <property name="java.specification.version" value="1.7"/>
    <property name="user.name" value="thomas"/>
    <property name="java.class.path" value="/mnt/secondary/projects/math/math_79/target/test-classes:/mnt/secondary/projects/math/math_79/target/classes:/home/thomas/.m2/repository/junit/junit/4.4/junit-4.4.jar:"/>
    <property name="java.vm.specification.version" value="1.7"/>
    <property name="sun.arch.data.model" value="64"/>
    <property name="java.home" value="/usr/lib/jvm/java-7-openjdk-amd64/jre"/>
    <property name="sun.java.command" value="/tmp/surefirebooter11723580049389203.jar /tmp/surefire2242040578924597216tmp /tmp/surefire3681062598925475738tmp"/>
    <property name="java.specification.vendor" value="Oracle Corporation"/>
    <property name="user.language" value="en"/>
    <property name="awt.toolkit" value="sun.awt.X11.XToolkit"/>
    <property name="java.vm.info" value="mixed mode"/>
    <property name="java.version" value="1.7.0_95"/>
    <property name="java.ext.dirs" value="/usr/lib/jvm/java-7-openjdk-amd64/jre/lib/ext:/usr/java/packages/lib/ext"/>
    <property name="sun.boot.class.path" value="/usr/lib/jvm/java-7-openjdk-amd64/jre/lib/resources.jar:/usr/lib/jvm/java-7-openjdk-amd64/jre/lib/rt.jar:/usr/lib/jvm/java-7-openjdk-amd64/jre/lib/sunrsasign.jar:/usr/lib/jvm/java-7-openjdk-amd64/jre/lib/jsse.jar:/usr/lib/jvm/java-7-openjdk-amd64/jre/lib/jce.jar:/usr/lib/jvm/java-7-openjdk-amd64/jre/lib/charsets.jar:/usr/lib/jvm/java-7-openjdk-amd64/jre/lib/rhino.jar:/usr/lib/jvm/java-7-openjdk-amd64/jre/lib/jfr.jar:/usr/lib/jvm/java-7-openjdk-amd64/jre/classes"/>
    <property name="java.vendor" value="Oracle Corporation"/>
    <property name="localRepository" value="/home/thomas/.m2/repository"/>
    <property name="file.separator" value="/"/>
    <property name="java.vendor.url.bug" value="http://bugreport.sun.com/bugreport/"/>
    <property name="sun.cpu.endian" value="little"/>
    <property name="sun.io.unicode.encoding" value="UnicodeLittle"/>
    <property name="sun.desktop" value="gnome"/>
    <property name="sun.cpu.isalist" value=""/>
  </properties>
  <testcase time="0" classname="org.apache.commons.math.util.MathUtilsTest" name="testCompareTo"/>
  <testcase time="0" classname="org.apache.commons.math.util.MathUtilsTest" name="testPow"/>
  <testcase time="0" classname="org.apache.commons.math.util.MathUtilsTest" name="testCosh"/>
  <testcase time="0.001" classname="org.apache.commons.math.util.MathUtilsTest" name="testCoshNaN"/>
  <testcase time="0" classname="org.apache.commons.math.util.MathUtilsTest" name="testLog"/>
  <testcase time="0" classname="org.apache.commons.math.util.MathUtilsTest" name="testSinh"/>
  <testcase time="0" classname="org.apache.commons.math.util.MathUtilsTest" name="testSinhNaN"/>
  <testcase time="0" classname="org.apache.commons.math.util.MathUtilsTest" name="testSubAndCheck"/>
  <testcase time="0" classname="org.apache.commons.math.util.MathUtilsTest" name="testSubAndCheckErrorMessage"/>
  <testcase time="0" classname="org.apache.commons.math.util.MathUtilsTest" name="testSubAndCheckLong"/>
  <testcase time="0" classname="org.apache.commons.math.util.MathUtilsTest" name="testL1DistanceDouble"/>
  <testcase time="0" classname="org.apache.commons.math.util.MathUtilsTest" name="testL1DistanceInt"/>
  <testcase time="0" classname="org.apache.commons.math.util.MathUtilsTest" name="testL2DistanceDouble"/>
  <testcase time="0" classname="org.apache.commons.math.util.MathUtilsTest" name="testL2DistanceInt"/>
  <testcase time="0" classname="org.apache.commons.math.util.MathUtilsTest" name="testLInfDistanceDouble"/>
  <testcase time="0" classname="org.apache.commons.math.util.MathUtilsTest" name="testLInfDistanceInt"/>
  <testcase time="0" classname="org.apache.commons.math.util.MathUtilsTest" name="testBinomialCoefficientFail"/>
  <testcase time="0.001" classname="org.apache.commons.math.util.MathUtilsTest" name="testEquals"/>
  <testcase time="0" classname="org.apache.commons.math.util.MathUtilsTest" name="testEqualsWithAllowedDelta"/>
  <testcase time="0" classname="org.apache.commons.math.util.MathUtilsTest" name="testEqualsWithAllowedUlps"/>
  <testcase time="0" classname="org.apache.commons.math.util.MathUtilsTest" name="testArrayEquals"/>
  <testcase time="0" classname="org.apache.commons.math.util.MathUtilsTest" name="testFactorial"/>
  <testcase time="0" classname="org.apache.commons.math.util.MathUtilsTest" name="testFactorialFail"/>
  <testcase time="0" classname="org.apache.commons.math.util.MathUtilsTest" name="testGcd"/>
  <testcase time="0" classname="org.apache.commons.math.util.MathUtilsTest" name="testHash"/>
  <testcase time="0.001" classname="org.apache.commons.math.util.MathUtilsTest" name="testArrayHash"/>
  <testcase time="0" classname="org.apache.commons.math.util.MathUtilsTest" name="testPermutedArrayHash"/>
  <testcase time="0" classname="org.apache.commons.math.util.MathUtilsTest" name="testIndicatorByte"/>
  <testcase time="0" classname="org.apache.commons.math.util.MathUtilsTest" name="testIndicatorDouble"/>
  <testcase time="0" classname="org.apache.commons.math.util.MathUtilsTest" name="testIndicatorFloat"/>
  <testcase time="0" classname="org.apache.commons.math.util.MathUtilsTest" name="testIndicatorInt"/>
  <testcase time="0" classname="org.apache.commons.math.util.MathUtilsTest" name="testIndicatorLong"/>
  <testcase time="0" classname="org.apache.commons.math.util.MathUtilsTest" name="testIndicatorShort"/>
  <testcase time="0" classname="org.apache.commons.math.util.MathUtilsTest" name="testLcm"/>
  <testcase time="0" classname="org.apache.commons.math.util.MathUtilsTest" name="testMulAndCheck"/>
  <testcase time="0" classname="org.apache.commons.math.util.MathUtilsTest" name="testMulAndCheckLong"/>
  <testcase time="0" classname="org.apache.commons.math.util.MathUtilsTest" name="testNextAfter"/>
  <testcase time="0" classname="org.apache.commons.math.util.MathUtilsTest" name="testNextAfterSpecialCases"/>
  <testcase time="0" classname="org.apache.commons.math.util.MathUtilsTest" name="testScalb"/>
  <testcase time="0.015" classname="org.apache.commons.math.util.MathUtilsTest" name="testNormalizeAngle"/>
  <testcase time="0" classname="org.apache.commons.math.util.MathUtilsTest" name="testNormalizeArray"/>
  <testcase time="0.002" classname="org.apache.commons.math.util.MathUtilsTest" name="testRoundDouble"/>
  <testcase time="0" classname="org.apache.commons.math.util.MathUtilsTest" name="testRoundFloat"/>
  <testcase time="0.001" classname="org.apache.commons.math.util.MathUtilsTest" name="testSignByte"/>
  <testcase time="0" classname="org.apache.commons.math.util.MathUtilsTest" name="testSignDouble"/>
  <testcase time="0" classname="org.apache.commons.math.util.MathUtilsTest" name="testSignFloat"/>
  <testcase time="0" classname="org.apache.commons.math.util.MathUtilsTest" name="testSignInt"/>
  <testcase time="0" classname="org.apache.commons.math.util.MathUtilsTest" name="testSignLong"/>
  <testcase time="0" classname="org.apache.commons.math.util.MathUtilsTest" name="testSignShort"/>
  <testcase time="0" classname="org.apache.commons.math.util.MathUtilsTest" name="test0Choose0"/>
  <testcase time="0" classname="org.apache.commons.math.util.MathUtilsTest" name="testAddAndCheck"/>
  <testcase time="0" classname="org.apache.commons.math.util.MathUtilsTest" name="testAddAndCheckLong"/>
  <testcase time="0.019" classname="org.apache.commons.math.util.MathUtilsTest" name="testBinomialCoefficient"/>
  <testcase time="0.289" classname="org.apache.commons.math.util.MathUtilsTest" name="testBinomialCoefficientLarge"/>
</testsuite>