<?xml version="1.0" encoding="UTF-8" ?>
<testsuite failures="1" time="0.033" errors="0" skipped="0" tests="73" name="org.apache.commons.lang3.builder.ToStringBuilderTest">
  <properties>
    <property name="java.runtime.name" value="OpenJDK Runtime Environment"/>
    <property name="sun.boot.library.path" value="/usr/lib/jvm/java-7-openjdk-amd64/jre/lib/amd64"/>
    <property name="java.vm.version" value="24.95-b01"/>
    <property name="java.vm.vendor" value="Oracle Corporation"/>
    <property name="java.vendor.url" value="http://java.oracle.com/"/>
    <property name="path.separator" value=":"/>
    <property name="java.vm.name" value="OpenJDK 64-Bit Server VM"/>
    <property name="file.encoding.pkg" value="sun.io"/>
    <property name="user.country" value="US"/>
    <property name="sun.java.launcher" value="SUN_STANDARD"/>
    <property name="sun.os.patch.level" value="unknown"/>
    <property name="java.vm.specification.name" value="Java Virtual Machine Specification"/>
    <property name="user.dir" value="/mnt/secondary/projects/lang/lang_33"/>
    <property name="java.runtime.version" value="1.7.0_95-b00"/>
    <property name="java.awt.graphicsenv" value="sun.awt.X11GraphicsEnvironment"/>
    <property name="basedir" value="/mnt/secondary/projects/lang/lang_33"/>
    <property name="java.endorsed.dirs" value="/usr/lib/jvm/java-7-openjdk-amd64/jre/lib/endorsed"/>
    <property name="os.arch" value="amd64"/>
    <property name="surefire.real.class.path" value="/tmp/surefirebooter2220222288981027438.jar"/>
    <property name="java.io.tmpdir" value="/tmp"/>
    <property name="line.separator" value="
"/>
    <property name="java.vm.specification.vendor" value="Oracle Corporation"/>
    <property name="os.name" value="Linux"/>
    <property name="sun.jnu.encoding" value="UTF-8"/>
    <property name="java.library.path" value="/home/thomas/jetbreain/idea-IU/bin::/usr/java/packages/lib/amd64:/usr/lib/x86_64-linux-gnu/jni:/lib/x86_64-linux-gnu:/usr/lib/x86_64-linux-gnu:/usr/lib/jni:/lib:/usr/lib"/>
    <property name="surefire.test.class.path" value="/mnt/secondary/projects/lang/lang_33/target/test-classes:/mnt/secondary/projects/lang/lang_33/target/classes:/home/thomas/.m2/repository/junit/junit/4.7/junit-4.7.jar:/home/thomas/.m2/repository/org/easymock/easymock/2.5.2/easymock-2.5.2.jar:"/>
    <property name="java.specification.name" value="Java Platform API Specification"/>
    <property name="java.class.version" value="51.0"/>
    <property name="sun.management.compiler" value="HotSpot 64-Bit Tiered Compilers"/>
    <property name="os.version" value="4.4.0-67-generic"/>
    <property name="user.home" value="/home/thomas"/>
    <property name="user.timezone" value="GMT+01:00"/>
    <property name="java.awt.printerjob" value="sun.print.PSPrinterJob"/>
    <property name="file.encoding" value="UTF-8"/>
    <property name="java.specification.version" value="1.7"/>
    <property name="user.name" value="thomas"/>
    <property name="java.class.path" value="/mnt/secondary/projects/lang/lang_33/target/test-classes:/mnt/secondary/projects/lang/lang_33/target/classes:/home/thomas/.m2/repository/junit/junit/4.7/junit-4.7.jar:/home/thomas/.m2/repository/org/easymock/easymock/2.5.2/easymock-2.5.2.jar:"/>
    <property name="java.vm.specification.version" value="1.7"/>
    <property name="sun.arch.data.model" value="64"/>
    <property name="java.home" value="/usr/lib/jvm/java-7-openjdk-amd64/jre"/>
    <property name="sun.java.command" value="/tmp/surefirebooter2220222288981027438.jar /tmp/surefire5375378361003622061tmp /tmp/surefire8306892563779393213tmp"/>
    <property name="java.specification.vendor" value="Oracle Corporation"/>
    <property name="user.language" value="en"/>
    <property name="awt.toolkit" value="sun.awt.X11.XToolkit"/>
    <property name="java.vm.info" value="mixed mode"/>
    <property name="java.version" value="1.7.0_95"/>
    <property name="java.ext.dirs" value="/usr/lib/jvm/java-7-openjdk-amd64/jre/lib/ext:/usr/java/packages/lib/ext"/>
    <property name="sun.boot.class.path" value="/usr/lib/jvm/java-7-openjdk-amd64/jre/lib/resources.jar:/usr/lib/jvm/java-7-openjdk-amd64/jre/lib/rt.jar:/usr/lib/jvm/java-7-openjdk-amd64/jre/lib/sunrsasign.jar:/usr/lib/jvm/java-7-openjdk-amd64/jre/lib/jsse.jar:/usr/lib/jvm/java-7-openjdk-amd64/jre/lib/jce.jar:/usr/lib/jvm/java-7-openjdk-amd64/jre/lib/charsets.jar:/usr/lib/jvm/java-7-openjdk-amd64/jre/lib/rhino.jar:/usr/lib/jvm/java-7-openjdk-amd64/jre/lib/jfr.jar:/usr/lib/jvm/java-7-openjdk-amd64/jre/classes"/>
    <property name="java.vendor" value="Oracle Corporation"/>
    <property name="localRepository" value="/home/thomas/.m2/repository"/>
    <property name="file.separator" value="/"/>
    <property name="java.vendor.url.bug" value="http://bugreport.sun.com/bugreport/"/>
    <property name="sun.cpu.endian" value="little"/>
    <property name="sun.io.unicode.encoding" value="UnicodeLittle"/>
    <property name="sun.desktop" value="gnome"/>
    <property name="sun.cpu.isalist" value=""/>
  </properties>
  <testcase time="0" classname="org.apache.commons.lang3.builder.ToStringBuilderTest" name="testByte"/>
  <testcase time="0" classname="org.apache.commons.lang3.builder.ToStringBuilderTest" name="testConstructorEx1"/>
  <testcase time="0" classname="org.apache.commons.lang3.builder.ToStringBuilderTest" name="testConstructorEx2"/>
  <testcase time="0" classname="org.apache.commons.lang3.builder.ToStringBuilderTest" name="testInt"/>
  <testcase time="0" classname="org.apache.commons.lang3.builder.ToStringBuilderTest" name="testShort"/>
  <testcase time="0" classname="org.apache.commons.lang3.builder.ToStringBuilderTest" name="testChar"/>
  <testcase time="0" classname="org.apache.commons.lang3.builder.ToStringBuilderTest" name="testDouble"/>
  <testcase time="0" classname="org.apache.commons.lang3.builder.ToStringBuilderTest" name="testFloat"/>
  <testcase time="0" classname="org.apache.commons.lang3.builder.ToStringBuilderTest" name="testBoolean"/>
  <testcase time="0" classname="org.apache.commons.lang3.builder.ToStringBuilderTest" name="testIntArray"/>
  <testcase time="0" classname="org.apache.commons.lang3.builder.ToStringBuilderTest" name="testShortArray"/>
  <testcase time="0" classname="org.apache.commons.lang3.builder.ToStringBuilderTest" name="testCharArray"/>
  <testcase time="0" classname="org.apache.commons.lang3.builder.ToStringBuilderTest" name="testByteArray"/>
  <testcase time="0.001" classname="org.apache.commons.lang3.builder.ToStringBuilderTest" name="testDoubleArray"/>
  <testcase time="0" classname="org.apache.commons.lang3.builder.ToStringBuilderTest" name="testFloatArray"/>
  <testcase time="0" classname="org.apache.commons.lang3.builder.ToStringBuilderTest" name="testBooleanArray"/>
  <testcase time="0.001" classname="org.apache.commons.lang3.builder.ToStringBuilderTest" name="testBlank"/>
  <testcase time="0" classname="org.apache.commons.lang3.builder.ToStringBuilderTest" name="testAppendSuper"/>
  <testcase time="0" classname="org.apache.commons.lang3.builder.ToStringBuilderTest" name="testObject"/>
  <testcase time="0.001" classname="org.apache.commons.lang3.builder.ToStringBuilderTest" name="testLong"/>
  <testcase time="0" classname="org.apache.commons.lang3.builder.ToStringBuilderTest" name="testObjectArray"/>
  <testcase time="0" classname="org.apache.commons.lang3.builder.ToStringBuilderTest" name="testLongArray"/>
  <testcase time="0" classname="org.apache.commons.lang3.builder.ToStringBuilderTest" name="testLongArrayArray"/>
  <testcase time="0.001" classname="org.apache.commons.lang3.builder.ToStringBuilderTest" name="testSelfInstanceTwoVarsReflectionObjectCycle"/>
  <testcase time="0.001" classname="org.apache.commons.lang3.builder.ToStringBuilderTest" name="testReflectionArrayAndObjectCycle"/>
  <testcase time="0" classname="org.apache.commons.lang3.builder.ToStringBuilderTest" name="testAppendToString"/>
  <testcase time="0" classname="org.apache.commons.lang3.builder.ToStringBuilderTest" name="testIntArrayArray"/>
  <testcase time="0" classname="org.apache.commons.lang3.builder.ToStringBuilderTest" name="testShortArrayArray"/>
  <testcase time="0" classname="org.apache.commons.lang3.builder.ToStringBuilderTest" name="testByteArrayArray"/>
  <testcase time="0" classname="org.apache.commons.lang3.builder.ToStringBuilderTest" name="testCharArrayArray"/>
  <testcase time="0" classname="org.apache.commons.lang3.builder.ToStringBuilderTest" name="testDoubleArrayArray"/>
  <testcase time="0.001" classname="org.apache.commons.lang3.builder.ToStringBuilderTest" name="testFloatArrayArray"/>
  <testcase time="0" classname="org.apache.commons.lang3.builder.ToStringBuilderTest" name="testBooleanArrayArray"/>
  <testcase time="0.001" classname="org.apache.commons.lang3.builder.ToStringBuilderTest" name="testObjectCycle"/>
  <testcase time="0" classname="org.apache.commons.lang3.builder.ToStringBuilderTest" name="testSimpleReflectionStatics"/>
  <testcase time="0.001" classname="org.apache.commons.lang3.builder.ToStringBuilderTest" name="testReflectionStatics"/>
  <testcase time="0.001" classname="org.apache.commons.lang3.builder.ToStringBuilderTest" name="testInheritedReflectionStatics"/>
  <testcase time="0" classname="org.apache.commons.lang3.builder.ToStringBuilderTest" name="test_setUpToClass_valid"/>
  <testcase time="0" classname="org.apache.commons.lang3.builder.ToStringBuilderTest" name="test_setUpToClass_invalid"/>
  <testcase time="0" classname="org.apache.commons.lang3.builder.ToStringBuilderTest" name="testReflectionNull"/>
  <testcase time="0.001" classname="org.apache.commons.lang3.builder.ToStringBuilderTest" name="testAppendToStringUsingMultiLineStyle"/>
  <testcase time="0.001" classname="org.apache.commons.lang3.builder.ToStringBuilderTest" name="testReflectionObjectCycle">
    <failure message="null" type="junit.framework.AssertionFailedError">junit.framework.AssertionFailedError: null
	at junit.framework.Assert.fail(Assert.java:47)
	at junit.framework.Assert.assertTrue(Assert.java:20)
	at junit.framework.Assert.assertNull(Assert.java:227)
	at junit.framework.Assert.assertNull(Assert.java:220)
	at org.apache.commons.lang3.builder.ToStringBuilderTest.validateNullToStringStyleRegistry(ToStringBuilderTest.java:586)
	at org.apache.commons.lang3.builder.ToStringBuilderTest.testReflectionObjectCycle(ToStringBuilderTest.java:550)
	at sun.reflect.NativeMethodAccessorImpl.invoke0(Native Method)
	at sun.reflect.NativeMethodAccessorImpl.invoke(NativeMethodAccessorImpl.java:57)
	at sun.reflect.DelegatingMethodAccessorImpl.invoke(DelegatingMethodAccessorImpl.java:43)
	at java.lang.reflect.Method.invoke(Method.java:606)
	at junit.framework.TestCase.runTest(TestCase.java:168)
	at junit.framework.TestCase.runBare(TestCase.java:134)
	at junit.framework.TestResult$1.protect(TestResult.java:110)
	at junit.framework.TestResult.runProtected(TestResult.java:128)
	at junit.framework.TestResult.run(TestResult.java:113)
	at junit.framework.TestCase.run(TestCase.java:124)
	at junit.framework.TestSuite.runTest(TestSuite.java:232)
	at junit.framework.TestSuite.run(TestSuite.java:227)
	at org.junit.internal.runners.JUnit38ClassRunner.run(JUnit38ClassRunner.java:83)
	at org.apache.maven.surefire.junit4.JUnit4TestSet.execute(JUnit4TestSet.java:62)
	at org.apache.maven.surefire.suite.AbstractDirectoryTestSuite.executeTestSet(AbstractDirectoryTestSuite.java:140)
	at org.apache.maven.surefire.suite.AbstractDirectoryTestSuite.execute(AbstractDirectoryTestSuite.java:127)
	at org.apache.maven.surefire.Surefire.run(Surefire.java:177)
	at sun.reflect.NativeMethodAccessorImpl.invoke0(Native Method)
	at sun.reflect.NativeMethodAccessorImpl.invoke(NativeMethodAccessorImpl.java:57)
	at sun.reflect.DelegatingMethodAccessorImpl.invoke(DelegatingMethodAccessorImpl.java:43)
	at java.lang.reflect.Method.invoke(Method.java:606)
	at org.apache.maven.surefire.booter.SurefireBooter.runSuitesInProcess(SurefireBooter.java:345)
	at org.apache.maven.surefire.booter.SurefireBooter.main(SurefireBooter.java:1009)
</failure>
    <system-out>{5=null}
</system-out>
  </testcase>
  <testcase time="0" classname="org.apache.commons.lang3.builder.ToStringBuilderTest" name="testConstructorEx3"/>
  <testcase time="0" classname="org.apache.commons.lang3.builder.ToStringBuilderTest" name="testGetSetDefault"/>
  <testcase time="0" classname="org.apache.commons.lang3.builder.ToStringBuilderTest" name="testSetDefaultEx"/>
  <testcase time="0.001" classname="org.apache.commons.lang3.builder.ToStringBuilderTest" name="testReflectionInteger"/>
  <testcase time="0.001" classname="org.apache.commons.lang3.builder.ToStringBuilderTest" name="testReflectionCharacter"/>
  <testcase time="0" classname="org.apache.commons.lang3.builder.ToStringBuilderTest" name="testReflectionBoolean"/>
  <testcase time="0.001" classname="org.apache.commons.lang3.builder.ToStringBuilderTest" name="testReflectionObjectArray"/>
  <testcase time="0" classname="org.apache.commons.lang3.builder.ToStringBuilderTest" name="testReflectionLongArray"/>
  <testcase time="0" classname="org.apache.commons.lang3.builder.ToStringBuilderTest" name="testReflectionIntArray"/>
  <testcase time="0" classname="org.apache.commons.lang3.builder.ToStringBuilderTest" name="testReflectionShortArray"/>
  <testcase time="0" classname="org.apache.commons.lang3.builder.ToStringBuilderTest" name="testReflectionyteArray"/>
  <testcase time="0" classname="org.apache.commons.lang3.builder.ToStringBuilderTest" name="testReflectionCharArray"/>
  <testcase time="0.001" classname="org.apache.commons.lang3.builder.ToStringBuilderTest" name="testReflectionDoubleArray"/>
  <testcase time="0" classname="org.apache.commons.lang3.builder.ToStringBuilderTest" name="testReflectionFloatArray"/>
  <testcase time="0" classname="org.apache.commons.lang3.builder.ToStringBuilderTest" name="testReflectionBooleanArray"/>
  <testcase time="0.001" classname="org.apache.commons.lang3.builder.ToStringBuilderTest" name="testReflectionFloatArrayArray"/>
  <testcase time="0" classname="org.apache.commons.lang3.builder.ToStringBuilderTest" name="testReflectionLongArrayArray"/>
  <testcase time="0" classname="org.apache.commons.lang3.builder.ToStringBuilderTest" name="testReflectionIntArrayArray"/>
  <testcase time="0" classname="org.apache.commons.lang3.builder.ToStringBuilderTest" name="testReflectionhortArrayArray"/>
  <testcase time="0" classname="org.apache.commons.lang3.builder.ToStringBuilderTest" name="testReflectionByteArrayArray"/>
  <testcase time="0" classname="org.apache.commons.lang3.builder.ToStringBuilderTest" name="testReflectionCharArrayArray"/>
  <testcase time="0" classname="org.apache.commons.lang3.builder.ToStringBuilderTest" name="testReflectionDoubleArrayArray"/>
  <testcase time="0" classname="org.apache.commons.lang3.builder.ToStringBuilderTest" name="testReflectionBooleanArrayArray"/>
  <testcase time="0" classname="org.apache.commons.lang3.builder.ToStringBuilderTest" name="testReflectionHierarchyArrayList"/>
  <testcase time="0.002" classname="org.apache.commons.lang3.builder.ToStringBuilderTest" name="testReflectionHierarchy"/>
  <testcase time="0" classname="org.apache.commons.lang3.builder.ToStringBuilderTest" name="testInnerClassReflection"/>
  <testcase time="0" classname="org.apache.commons.lang3.builder.ToStringBuilderTest" name="testReflectionArrayCycle"/>
  <testcase time="0" classname="org.apache.commons.lang3.builder.ToStringBuilderTest" name="testReflectionArrayCycleLevel2"/>
  <testcase time="0" classname="org.apache.commons.lang3.builder.ToStringBuilderTest" name="testReflectionArrayArrayCycle"/>
  <testcase time="0" classname="org.apache.commons.lang3.builder.ToStringBuilderTest" name="testSimpleReflectionObjectCycle"/>
  <testcase time="0.001" classname="org.apache.commons.lang3.builder.ToStringBuilderTest" name="testSelfInstanceVarReflectionObjectCycle"/>
</testsuite>