<?xml version="1.0" encoding="UTF-8" ?>
<testsuite failures="0" time="0.024" errors="0" skipped="0" tests="119" name="org.apache.commons.lang3.ArrayUtilsTest">
  <properties>
    <property name="java.runtime.name" value="OpenJDK Runtime Environment"/>
    <property name="sun.boot.library.path" value="/usr/lib/jvm/java-7-openjdk-amd64/jre/lib/amd64"/>
    <property name="java.vm.version" value="24.95-b01"/>
    <property name="java.vm.vendor" value="Oracle Corporation"/>
    <property name="java.vendor.url" value="http://java.oracle.com/"/>
    <property name="path.separator" value=":"/>
    <property name="java.vm.name" value="OpenJDK 64-Bit Server VM"/>
    <property name="file.encoding.pkg" value="sun.io"/>
    <property name="user.country" value="US"/>
    <property name="sun.java.launcher" value="SUN_STANDARD"/>
    <property name="sun.os.patch.level" value="unknown"/>
    <property name="java.vm.specification.name" value="Java Virtual Machine Specification"/>
    <property name="user.dir" value="/mnt/secondary/projects/lang/lang_39"/>
    <property name="java.runtime.version" value="1.7.0_95-b00"/>
    <property name="java.awt.graphicsenv" value="sun.awt.X11GraphicsEnvironment"/>
    <property name="basedir" value="/mnt/secondary/projects/lang/lang_39"/>
    <property name="java.endorsed.dirs" value="/usr/lib/jvm/java-7-openjdk-amd64/jre/lib/endorsed"/>
    <property name="os.arch" value="amd64"/>
    <property name="surefire.real.class.path" value="/tmp/surefirebooter6739476466925220575.jar"/>
    <property name="java.io.tmpdir" value="/tmp"/>
    <property name="line.separator" value="
"/>
    <property name="java.vm.specification.vendor" value="Oracle Corporation"/>
    <property name="os.name" value="Linux"/>
    <property name="sun.jnu.encoding" value="UTF-8"/>
    <property name="java.library.path" value="/home/thomas/jetbreain/idea-IU/bin::/usr/java/packages/lib/amd64:/usr/lib/x86_64-linux-gnu/jni:/lib/x86_64-linux-gnu:/usr/lib/x86_64-linux-gnu:/usr/lib/jni:/lib:/usr/lib"/>
    <property name="surefire.test.class.path" value="/mnt/secondary/projects/lang/lang_39/target/test-classes:/mnt/secondary/projects/lang/lang_39/target/classes:/home/thomas/.m2/repository/junit/junit/4.7/junit-4.7.jar:"/>
    <property name="java.specification.name" value="Java Platform API Specification"/>
    <property name="java.class.version" value="51.0"/>
    <property name="sun.management.compiler" value="HotSpot 64-Bit Tiered Compilers"/>
    <property name="os.version" value="4.4.0-67-generic"/>
    <property name="user.home" value="/home/thomas"/>
    <property name="user.timezone" value="GMT+01:00"/>
    <property name="java.awt.printerjob" value="sun.print.PSPrinterJob"/>
    <property name="file.encoding" value="UTF-8"/>
    <property name="java.specification.version" value="1.7"/>
    <property name="user.name" value="thomas"/>
    <property name="java.class.path" value="/mnt/secondary/projects/lang/lang_39/target/test-classes:/mnt/secondary/projects/lang/lang_39/target/classes:/home/thomas/.m2/repository/junit/junit/4.7/junit-4.7.jar:"/>
    <property name="java.vm.specification.version" value="1.7"/>
    <property name="sun.arch.data.model" value="64"/>
    <property name="java.home" value="/usr/lib/jvm/java-7-openjdk-amd64/jre"/>
    <property name="sun.java.command" value="/tmp/surefirebooter6739476466925220575.jar /tmp/surefire7675165754356315683tmp /tmp/surefire793141796498768622tmp"/>
    <property name="java.specification.vendor" value="Oracle Corporation"/>
    <property name="user.language" value="en"/>
    <property name="awt.toolkit" value="sun.awt.X11.XToolkit"/>
    <property name="java.vm.info" value="mixed mode"/>
    <property name="java.version" value="1.7.0_95"/>
    <property name="java.ext.dirs" value="/usr/lib/jvm/java-7-openjdk-amd64/jre/lib/ext:/usr/java/packages/lib/ext"/>
    <property name="sun.boot.class.path" value="/usr/lib/jvm/java-7-openjdk-amd64/jre/lib/resources.jar:/usr/lib/jvm/java-7-openjdk-amd64/jre/lib/rt.jar:/usr/lib/jvm/java-7-openjdk-amd64/jre/lib/sunrsasign.jar:/usr/lib/jvm/java-7-openjdk-amd64/jre/lib/jsse.jar:/usr/lib/jvm/java-7-openjdk-amd64/jre/lib/jce.jar:/usr/lib/jvm/java-7-openjdk-amd64/jre/lib/charsets.jar:/usr/lib/jvm/java-7-openjdk-amd64/jre/lib/rhino.jar:/usr/lib/jvm/java-7-openjdk-amd64/jre/lib/jfr.jar:/usr/lib/jvm/java-7-openjdk-amd64/jre/classes"/>
    <property name="java.vendor" value="Oracle Corporation"/>
    <property name="localRepository" value="/home/thomas/.m2/repository"/>
    <property name="file.separator" value="/"/>
    <property name="java.vendor.url.bug" value="http://bugreport.sun.com/bugreport/"/>
    <property name="sun.cpu.endian" value="little"/>
    <property name="sun.io.unicode.encoding" value="UnicodeLittle"/>
    <property name="sun.desktop" value="gnome"/>
    <property name="sun.cpu.isalist" value=""/>
  </properties>
  <testcase time="0" classname="org.apache.commons.lang3.ArrayUtilsTest" name="testConstructor"/>
  <testcase time="0" classname="org.apache.commons.lang3.ArrayUtilsTest" name="testToString"/>
  <testcase time="0.001" classname="org.apache.commons.lang3.ArrayUtilsTest" name="testIsEquals"/>
  <testcase time="0" classname="org.apache.commons.lang3.ArrayUtilsTest" name="testToMap"/>
  <testcase time="0.001" classname="org.apache.commons.lang3.ArrayUtilsTest" name="testClone"/>
  <testcase time="0" classname="org.apache.commons.lang3.ArrayUtilsTest" name="testCloneBoolean"/>
  <testcase time="0" classname="org.apache.commons.lang3.ArrayUtilsTest" name="testCloneLong"/>
  <testcase time="0" classname="org.apache.commons.lang3.ArrayUtilsTest" name="testCloneInt"/>
  <testcase time="0" classname="org.apache.commons.lang3.ArrayUtilsTest" name="testCloneShort"/>
  <testcase time="0.001" classname="org.apache.commons.lang3.ArrayUtilsTest" name="testCloneChar"/>
  <testcase time="0" classname="org.apache.commons.lang3.ArrayUtilsTest" name="testCloneByte"/>
  <testcase time="0" classname="org.apache.commons.lang3.ArrayUtilsTest" name="testCloneDouble"/>
  <testcase time="0" classname="org.apache.commons.lang3.ArrayUtilsTest" name="testCloneFloat"/>
  <testcase time="0.001" classname="org.apache.commons.lang3.ArrayUtilsTest" name="testSubarrayObject"/>
  <testcase time="0" classname="org.apache.commons.lang3.ArrayUtilsTest" name="testSubarrayLong"/>
  <testcase time="0" classname="org.apache.commons.lang3.ArrayUtilsTest" name="testSubarrayInt"/>
  <testcase time="0" classname="org.apache.commons.lang3.ArrayUtilsTest" name="testSubarrayShort"/>
  <testcase time="0" classname="org.apache.commons.lang3.ArrayUtilsTest" name="testSubarrChar"/>
  <testcase time="0" classname="org.apache.commons.lang3.ArrayUtilsTest" name="testSubarrayByte"/>
  <testcase time="0" classname="org.apache.commons.lang3.ArrayUtilsTest" name="testSubarrayDouble"/>
  <testcase time="0" classname="org.apache.commons.lang3.ArrayUtilsTest" name="testSubarrayFloat"/>
  <testcase time="0" classname="org.apache.commons.lang3.ArrayUtilsTest" name="testSubarrayBoolean"/>
  <testcase time="0" classname="org.apache.commons.lang3.ArrayUtilsTest" name="testSameLength"/>
  <testcase time="0" classname="org.apache.commons.lang3.ArrayUtilsTest" name="testSameLengthBoolean"/>
  <testcase time="0" classname="org.apache.commons.lang3.ArrayUtilsTest" name="testSameLengthLong"/>
  <testcase time="0" classname="org.apache.commons.lang3.ArrayUtilsTest" name="testSameLengthInt"/>
  <testcase time="0" classname="org.apache.commons.lang3.ArrayUtilsTest" name="testSameLengthShort"/>
  <testcase time="0" classname="org.apache.commons.lang3.ArrayUtilsTest" name="testSameLengthChar"/>
  <testcase time="0.001" classname="org.apache.commons.lang3.ArrayUtilsTest" name="testSameLengthByte"/>
  <testcase time="0" classname="org.apache.commons.lang3.ArrayUtilsTest" name="testSameLengthDouble"/>
  <testcase time="0" classname="org.apache.commons.lang3.ArrayUtilsTest" name="testSameLengthFloat"/>
  <testcase time="0" classname="org.apache.commons.lang3.ArrayUtilsTest" name="testSameType"/>
  <testcase time="0" classname="org.apache.commons.lang3.ArrayUtilsTest" name="testReverse"/>
  <testcase time="0" classname="org.apache.commons.lang3.ArrayUtilsTest" name="testReverseLong"/>
  <testcase time="0" classname="org.apache.commons.lang3.ArrayUtilsTest" name="testReverseInt"/>
  <testcase time="0" classname="org.apache.commons.lang3.ArrayUtilsTest" name="testReverseShort"/>
  <testcase time="0" classname="org.apache.commons.lang3.ArrayUtilsTest" name="testReverseChar"/>
  <testcase time="0" classname="org.apache.commons.lang3.ArrayUtilsTest" name="testReverseByte"/>
  <testcase time="0" classname="org.apache.commons.lang3.ArrayUtilsTest" name="testReverseDouble"/>
  <testcase time="0" classname="org.apache.commons.lang3.ArrayUtilsTest" name="testReverseFloat"/>
  <testcase time="0" classname="org.apache.commons.lang3.ArrayUtilsTest" name="testReverseBoolean"/>
  <testcase time="0" classname="org.apache.commons.lang3.ArrayUtilsTest" name="testIndexOf"/>
  <testcase time="0" classname="org.apache.commons.lang3.ArrayUtilsTest" name="testIndexOfWithStartIndex"/>
  <testcase time="0" classname="org.apache.commons.lang3.ArrayUtilsTest" name="testLastIndexOf"/>
  <testcase time="0.001" classname="org.apache.commons.lang3.ArrayUtilsTest" name="testLastIndexOfWithStartIndex"/>
  <testcase time="0" classname="org.apache.commons.lang3.ArrayUtilsTest" name="testContains"/>
  <testcase time="0" classname="org.apache.commons.lang3.ArrayUtilsTest" name="testIndexOfLong"/>
  <testcase time="0" classname="org.apache.commons.lang3.ArrayUtilsTest" name="testIndexOfLongWithStartIndex"/>
  <testcase time="0" classname="org.apache.commons.lang3.ArrayUtilsTest" name="testLastIndexOfLong"/>
  <testcase time="0" classname="org.apache.commons.lang3.ArrayUtilsTest" name="testLastIndexOfLongWithStartIndex"/>
  <testcase time="0" classname="org.apache.commons.lang3.ArrayUtilsTest" name="testContainsLong"/>
  <testcase time="0" classname="org.apache.commons.lang3.ArrayUtilsTest" name="testIndexOfInt"/>
  <testcase time="0" classname="org.apache.commons.lang3.ArrayUtilsTest" name="testIndexOfIntWithStartIndex"/>
  <testcase time="0" classname="org.apache.commons.lang3.ArrayUtilsTest" name="testLastIndexOfInt"/>
  <testcase time="0" classname="org.apache.commons.lang3.ArrayUtilsTest" name="testLastIndexOfIntWithStartIndex"/>
  <testcase time="0.001" classname="org.apache.commons.lang3.ArrayUtilsTest" name="testContainsInt"/>
  <testcase time="0" classname="org.apache.commons.lang3.ArrayUtilsTest" name="testIndexOfShort"/>
  <testcase time="0" classname="org.apache.commons.lang3.ArrayUtilsTest" name="testIndexOfShortWithStartIndex"/>
  <testcase time="0" classname="org.apache.commons.lang3.ArrayUtilsTest" name="testLastIndexOfShort"/>
  <testcase time="0" classname="org.apache.commons.lang3.ArrayUtilsTest" name="testLastIndexOfShortWithStartIndex"/>
  <testcase time="0" classname="org.apache.commons.lang3.ArrayUtilsTest" name="testContainsShort"/>
  <testcase time="0" classname="org.apache.commons.lang3.ArrayUtilsTest" name="testIndexOfChar"/>
  <testcase time="0" classname="org.apache.commons.lang3.ArrayUtilsTest" name="testIndexOfCharWithStartIndex"/>
  <testcase time="0" classname="org.apache.commons.lang3.ArrayUtilsTest" name="testLastIndexOfChar"/>
  <testcase time="0" classname="org.apache.commons.lang3.ArrayUtilsTest" name="testLastIndexOfCharWithStartIndex"/>
  <testcase time="0" classname="org.apache.commons.lang3.ArrayUtilsTest" name="testContainsChar"/>
  <testcase time="0" classname="org.apache.commons.lang3.ArrayUtilsTest" name="testIndexOfByte"/>
  <testcase time="0" classname="org.apache.commons.lang3.ArrayUtilsTest" name="testIndexOfByteWithStartIndex"/>
  <testcase time="0" classname="org.apache.commons.lang3.ArrayUtilsTest" name="testLastIndexOfByte"/>
  <testcase time="0" classname="org.apache.commons.lang3.ArrayUtilsTest" name="testLastIndexOfByteWithStartIndex"/>
  <testcase time="0" classname="org.apache.commons.lang3.ArrayUtilsTest" name="testContainsByte"/>
  <testcase time="0.001" classname="org.apache.commons.lang3.ArrayUtilsTest" name="testIndexOfDouble"/>
  <testcase time="0" classname="org.apache.commons.lang3.ArrayUtilsTest" name="testIndexOfDoubleTolerance"/>
  <testcase time="0" classname="org.apache.commons.lang3.ArrayUtilsTest" name="testIndexOfDoubleWithStartIndex"/>
  <testcase time="0" classname="org.apache.commons.lang3.ArrayUtilsTest" name="testIndexOfDoubleWithStartIndexTolerance"/>
  <testcase time="0" classname="org.apache.commons.lang3.ArrayUtilsTest" name="testLastIndexOfDouble"/>
  <testcase time="0" classname="org.apache.commons.lang3.ArrayUtilsTest" name="testLastIndexOfDoubleTolerance"/>
  <testcase time="0" classname="org.apache.commons.lang3.ArrayUtilsTest" name="testLastIndexOfDoubleWithStartIndex"/>
  <testcase time="0" classname="org.apache.commons.lang3.ArrayUtilsTest" name="testLastIndexOfDoubleWithStartIndexTolerance"/>
  <testcase time="0" classname="org.apache.commons.lang3.ArrayUtilsTest" name="testContainsDouble"/>
  <testcase time="0" classname="org.apache.commons.lang3.ArrayUtilsTest" name="testContainsDoubleTolerance"/>
  <testcase time="0" classname="org.apache.commons.lang3.ArrayUtilsTest" name="testIndexOfFloat"/>
  <testcase time="0" classname="org.apache.commons.lang3.ArrayUtilsTest" name="testIndexOfFloatWithStartIndex"/>
  <testcase time="0" classname="org.apache.commons.lang3.ArrayUtilsTest" name="testLastIndexOfFloat"/>
  <testcase time="0" classname="org.apache.commons.lang3.ArrayUtilsTest" name="testLastIndexOfFloatWithStartIndex"/>
  <testcase time="0" classname="org.apache.commons.lang3.ArrayUtilsTest" name="testContainsFloat"/>
  <testcase time="0" classname="org.apache.commons.lang3.ArrayUtilsTest" name="testIndexOfBoolean"/>
  <testcase time="0.001" classname="org.apache.commons.lang3.ArrayUtilsTest" name="testIndexOfBooleanWithStartIndex"/>
  <testcase time="0" classname="org.apache.commons.lang3.ArrayUtilsTest" name="testLastIndexOfBoolean"/>
  <testcase time="0" classname="org.apache.commons.lang3.ArrayUtilsTest" name="testLastIndexOfBooleanWithStartIndex"/>
  <testcase time="0" classname="org.apache.commons.lang3.ArrayUtilsTest" name="testContainsBoolean"/>
  <testcase time="0" classname="org.apache.commons.lang3.ArrayUtilsTest" name="testToPrimitive_boolean"/>
  <testcase time="0" classname="org.apache.commons.lang3.ArrayUtilsTest" name="testToPrimitive_boolean_boolean"/>
  <testcase time="0" classname="org.apache.commons.lang3.ArrayUtilsTest" name="testToObject_boolean"/>
  <testcase time="0" classname="org.apache.commons.lang3.ArrayUtilsTest" name="testToPrimitive_char"/>
  <testcase time="0" classname="org.apache.commons.lang3.ArrayUtilsTest" name="testToPrimitive_char_char"/>
  <testcase time="0" classname="org.apache.commons.lang3.ArrayUtilsTest" name="testToObject_char"/>
  <testcase time="0.001" classname="org.apache.commons.lang3.ArrayUtilsTest" name="testToPrimitive_byte"/>
  <testcase time="0" classname="org.apache.commons.lang3.ArrayUtilsTest" name="testToPrimitive_byte_byte"/>
  <testcase time="0" classname="org.apache.commons.lang3.ArrayUtilsTest" name="testToObject_byte"/>
  <testcase time="0" classname="org.apache.commons.lang3.ArrayUtilsTest" name="testToPrimitive_short"/>
  <testcase time="0" classname="org.apache.commons.lang3.ArrayUtilsTest" name="testToPrimitive_short_short"/>
  <testcase time="0" classname="org.apache.commons.lang3.ArrayUtilsTest" name="testToObject_short"/>
  <testcase time="0" classname="org.apache.commons.lang3.ArrayUtilsTest" name="testToPrimitive_int"/>
  <testcase time="0" classname="org.apache.commons.lang3.ArrayUtilsTest" name="testToPrimitive_int_int"/>
  <testcase time="0" classname="org.apache.commons.lang3.ArrayUtilsTest" name="testToPrimitive_intNull"/>
  <testcase time="0" classname="org.apache.commons.lang3.ArrayUtilsTest" name="testToObject_int"/>
  <testcase time="0" classname="org.apache.commons.lang3.ArrayUtilsTest" name="testToPrimitive_long"/>
  <testcase time="0" classname="org.apache.commons.lang3.ArrayUtilsTest" name="testToPrimitive_long_long"/>
  <testcase time="0" classname="org.apache.commons.lang3.ArrayUtilsTest" name="testToObject_long"/>
  <testcase time="0" classname="org.apache.commons.lang3.ArrayUtilsTest" name="testToPrimitive_float"/>
  <testcase time="0" classname="org.apache.commons.lang3.ArrayUtilsTest" name="testToPrimitive_float_float"/>
  <testcase time="0" classname="org.apache.commons.lang3.ArrayUtilsTest" name="testToObject_float"/>
  <testcase time="0" classname="org.apache.commons.lang3.ArrayUtilsTest" name="testToPrimitive_double"/>
  <testcase time="0" classname="org.apache.commons.lang3.ArrayUtilsTest" name="testToPrimitive_double_double"/>
  <testcase time="0" classname="org.apache.commons.lang3.ArrayUtilsTest" name="testToObject_double"/>
  <testcase time="0" classname="org.apache.commons.lang3.ArrayUtilsTest" name="testIsEmptyObject"/>
  <testcase time="0" classname="org.apache.commons.lang3.ArrayUtilsTest" name="testIsEmptyPrimitives"/>
  <testcase time="0" classname="org.apache.commons.lang3.ArrayUtilsTest" name="testGetLength"/>
</testsuite>