<?xml version="1.0" encoding="UTF-8" ?>
<testsuite failures="0" time="0.015" errors="0" skipped="0" tests="45" name="org.apache.commons.lang3.text.StrBuilderAppendInsertTest">
  <properties>
    <property name="java.runtime.name" value="OpenJDK Runtime Environment"/>
    <property name="sun.boot.library.path" value="/usr/lib/jvm/java-7-openjdk-amd64/jre/lib/amd64"/>
    <property name="java.vm.version" value="24.95-b01"/>
    <property name="java.vm.vendor" value="Oracle Corporation"/>
    <property name="java.vendor.url" value="http://java.oracle.com/"/>
    <property name="path.separator" value=":"/>
    <property name="java.vm.name" value="OpenJDK 64-Bit Server VM"/>
    <property name="file.encoding.pkg" value="sun.io"/>
    <property name="user.country" value="US"/>
    <property name="sun.java.launcher" value="SUN_STANDARD"/>
    <property name="sun.os.patch.level" value="unknown"/>
    <property name="java.vm.specification.name" value="Java Virtual Machine Specification"/>
    <property name="user.dir" value="/mnt/secondary/projects/lang/lang_20"/>
    <property name="java.runtime.version" value="1.7.0_95-b00"/>
    <property name="java.awt.graphicsenv" value="sun.awt.X11GraphicsEnvironment"/>
    <property name="doesnotwork" value="It work&apos;s!"/>
    <property name="basedir" value="/mnt/secondary/projects/lang/lang_20"/>
    <property name="java.endorsed.dirs" value="/usr/lib/jvm/java-7-openjdk-amd64/jre/lib/endorsed"/>
    <property name="os.arch" value="amd64"/>
    <property name="surefire.real.class.path" value="/mnt/secondary/projects/lang/lang_20/target/surefire/surefirebooter1152102759177203531.jar"/>
    <property name="java.io.tmpdir" value="/tmp"/>
    <property name="line.separator" value="
"/>
    <property name="java.vm.specification.vendor" value="Oracle Corporation"/>
    <property name="os.name" value="Linux"/>
    <property name="sun.jnu.encoding" value="UTF-8"/>
    <property name="java.library.path" value="/home/thomas/jetbreain/idea-IU/bin::/usr/java/packages/lib/amd64:/usr/lib/x86_64-linux-gnu/jni:/lib/x86_64-linux-gnu:/usr/lib/x86_64-linux-gnu:/usr/lib/jni:/lib:/usr/lib"/>
    <property name="surefire.test.class.path" value="/mnt/secondary/projects/lang/lang_20/target/test-classes:/mnt/secondary/projects/lang/lang_20/target/classes:/home/thomas/.m2/repository/junit/junit/4.7/junit-4.7.jar:/home/thomas/.m2/repository/org/easymock/easymock/2.5.2/easymock-2.5.2.jar:"/>
    <property name="java.specification.name" value="Java Platform API Specification"/>
    <property name="java.class.version" value="51.0"/>
    <property name="sun.management.compiler" value="HotSpot 64-Bit Tiered Compilers"/>
    <property name="os.version" value="4.4.0-67-generic"/>
    <property name="user.home" value="/home/thomas"/>
    <property name="user.timezone" value="GMT+01:00"/>
    <property name="java.awt.printerjob" value="sun.print.PSPrinterJob"/>
    <property name="java.specification.version" value="1.7"/>
    <property name="file.encoding" value="UTF-8"/>
    <property name="user.name" value="thomas"/>
    <property name="java.class.path" value="/mnt/secondary/projects/lang/lang_20/target/test-classes:/mnt/secondary/projects/lang/lang_20/target/classes:/home/thomas/.m2/repository/junit/junit/4.7/junit-4.7.jar:/home/thomas/.m2/repository/org/easymock/easymock/2.5.2/easymock-2.5.2.jar:"/>
    <property name="java.vm.specification.version" value="1.7"/>
    <property name="sun.arch.data.model" value="64"/>
    <property name="java.home" value="/usr/lib/jvm/java-7-openjdk-amd64/jre"/>
    <property name="sun.java.command" value="/mnt/secondary/projects/lang/lang_20/target/surefire/surefirebooter1152102759177203531.jar /mnt/secondary/projects/lang/lang_20/target/surefire/surefire4996696247720108345tmp /mnt/secondary/projects/lang/lang_20/target/surefire/surefire892403163129872658tmp"/>
    <property name="java.specification.vendor" value="Oracle Corporation"/>
    <property name="user.language" value="en"/>
    <property name="awt.toolkit" value="sun.awt.X11.XToolkit"/>
    <property name="java.vm.info" value="mixed mode"/>
    <property name="java.version" value="1.7.0_95"/>
    <property name="java.ext.dirs" value="/usr/lib/jvm/java-7-openjdk-amd64/jre/lib/ext:/usr/java/packages/lib/ext"/>
    <property name="sun.boot.class.path" value="/usr/lib/jvm/java-7-openjdk-amd64/jre/lib/resources.jar:/usr/lib/jvm/java-7-openjdk-amd64/jre/lib/rt.jar:/usr/lib/jvm/java-7-openjdk-amd64/jre/lib/sunrsasign.jar:/usr/lib/jvm/java-7-openjdk-amd64/jre/lib/jsse.jar:/usr/lib/jvm/java-7-openjdk-amd64/jre/lib/jce.jar:/usr/lib/jvm/java-7-openjdk-amd64/jre/lib/charsets.jar:/usr/lib/jvm/java-7-openjdk-amd64/jre/lib/rhino.jar:/usr/lib/jvm/java-7-openjdk-amd64/jre/lib/jfr.jar:/usr/lib/jvm/java-7-openjdk-amd64/jre/classes"/>
    <property name="java.vendor" value="Oracle Corporation"/>
    <property name="localRepository" value="/home/thomas/.m2/repository"/>
    <property name="file.separator" value="/"/>
    <property name="java.vendor.url.bug" value="http://bugreport.sun.com/bugreport/"/>
    <property name="sun.cpu.endian" value="little"/>
    <property name="sun.io.unicode.encoding" value="UnicodeLittle"/>
    <property name="sun.desktop" value="gnome"/>
    <property name="sun.cpu.isalist" value=""/>
  </properties>
  <testcase time="0" classname="org.apache.commons.lang3.text.StrBuilderAppendInsertTest" name="testAppendNewLine"/>
  <testcase time="0" classname="org.apache.commons.lang3.text.StrBuilderAppendInsertTest" name="testAppendWithNullText"/>
  <testcase time="0" classname="org.apache.commons.lang3.text.StrBuilderAppendInsertTest" name="testAppend_Object"/>
  <testcase time="0" classname="org.apache.commons.lang3.text.StrBuilderAppendInsertTest" name="testAppend_String"/>
  <testcase time="0.001" classname="org.apache.commons.lang3.text.StrBuilderAppendInsertTest" name="testAppend_String_int_int"/>
  <testcase time="0" classname="org.apache.commons.lang3.text.StrBuilderAppendInsertTest" name="testAppend_StringBuffer"/>
  <testcase time="0" classname="org.apache.commons.lang3.text.StrBuilderAppendInsertTest" name="testAppend_StringBuffer_int_int"/>
  <testcase time="0" classname="org.apache.commons.lang3.text.StrBuilderAppendInsertTest" name="testAppend_StrBuilder"/>
  <testcase time="0" classname="org.apache.commons.lang3.text.StrBuilderAppendInsertTest" name="testAppend_StrBuilder_int_int"/>
  <testcase time="0" classname="org.apache.commons.lang3.text.StrBuilderAppendInsertTest" name="testAppend_CharArray"/>
  <testcase time="0.001" classname="org.apache.commons.lang3.text.StrBuilderAppendInsertTest" name="testAppend_CharArray_int_int"/>
  <testcase time="0" classname="org.apache.commons.lang3.text.StrBuilderAppendInsertTest" name="testAppend_Boolean"/>
  <testcase time="0" classname="org.apache.commons.lang3.text.StrBuilderAppendInsertTest" name="testAppend_PrimitiveNumber"/>
  <testcase time="0" classname="org.apache.commons.lang3.text.StrBuilderAppendInsertTest" name="testAppendln_Object"/>
  <testcase time="0" classname="org.apache.commons.lang3.text.StrBuilderAppendInsertTest" name="testAppendln_String"/>
  <testcase time="0" classname="org.apache.commons.lang3.text.StrBuilderAppendInsertTest" name="testAppendln_String_int_int"/>
  <testcase time="0" classname="org.apache.commons.lang3.text.StrBuilderAppendInsertTest" name="testAppendln_StringBuffer"/>
  <testcase time="0" classname="org.apache.commons.lang3.text.StrBuilderAppendInsertTest" name="testAppendln_StringBuffer_int_int"/>
  <testcase time="0" classname="org.apache.commons.lang3.text.StrBuilderAppendInsertTest" name="testAppendln_StrBuilder"/>
  <testcase time="0" classname="org.apache.commons.lang3.text.StrBuilderAppendInsertTest" name="testAppendln_StrBuilder_int_int"/>
  <testcase time="0" classname="org.apache.commons.lang3.text.StrBuilderAppendInsertTest" name="testAppendln_CharArray"/>
  <testcase time="0" classname="org.apache.commons.lang3.text.StrBuilderAppendInsertTest" name="testAppendln_CharArray_int_int"/>
  <testcase time="0" classname="org.apache.commons.lang3.text.StrBuilderAppendInsertTest" name="testAppendln_Boolean"/>
  <testcase time="0" classname="org.apache.commons.lang3.text.StrBuilderAppendInsertTest" name="testAppendln_PrimitiveNumber"/>
  <testcase time="0" classname="org.apache.commons.lang3.text.StrBuilderAppendInsertTest" name="testAppendPadding"/>
  <testcase time="0" classname="org.apache.commons.lang3.text.StrBuilderAppendInsertTest" name="testAppendFixedWidthPadLeft"/>
  <testcase time="0" classname="org.apache.commons.lang3.text.StrBuilderAppendInsertTest" name="testAppendFixedWidthPadLeft_int"/>
  <testcase time="0" classname="org.apache.commons.lang3.text.StrBuilderAppendInsertTest" name="testAppendFixedWidthPadRight"/>
  <testcase time="0" classname="org.apache.commons.lang3.text.StrBuilderAppendInsertTest" name="testLang299"/>
  <testcase time="0" classname="org.apache.commons.lang3.text.StrBuilderAppendInsertTest" name="testAppendFixedWidthPadRight_int"/>
  <testcase time="0" classname="org.apache.commons.lang3.text.StrBuilderAppendInsertTest" name="testAppendAll_Array"/>
  <testcase time="0" classname="org.apache.commons.lang3.text.StrBuilderAppendInsertTest" name="testAppendAll_Collection"/>
  <testcase time="0" classname="org.apache.commons.lang3.text.StrBuilderAppendInsertTest" name="testAppendAll_Iterator"/>
  <testcase time="0" classname="org.apache.commons.lang3.text.StrBuilderAppendInsertTest" name="testAppendWithSeparators_Array"/>
  <testcase time="0" classname="org.apache.commons.lang3.text.StrBuilderAppendInsertTest" name="testAppendWithSeparators_Collection"/>
  <testcase time="0" classname="org.apache.commons.lang3.text.StrBuilderAppendInsertTest" name="testAppendWithSeparators_Iterator"/>
  <testcase time="0" classname="org.apache.commons.lang3.text.StrBuilderAppendInsertTest" name="testAppendWithSeparatorsWithNullText"/>
  <testcase time="0" classname="org.apache.commons.lang3.text.StrBuilderAppendInsertTest" name="testAppendSeparator_String"/>
  <testcase time="0" classname="org.apache.commons.lang3.text.StrBuilderAppendInsertTest" name="testAppendSeparator_String_String"/>
  <testcase time="0" classname="org.apache.commons.lang3.text.StrBuilderAppendInsertTest" name="testAppendSeparator_char"/>
  <testcase time="0" classname="org.apache.commons.lang3.text.StrBuilderAppendInsertTest" name="testAppendSeparator_char_char"/>
  <testcase time="0" classname="org.apache.commons.lang3.text.StrBuilderAppendInsertTest" name="testAppendSeparator_String_int"/>
  <testcase time="0" classname="org.apache.commons.lang3.text.StrBuilderAppendInsertTest" name="testAppendSeparator_char_int"/>
  <testcase time="0.001" classname="org.apache.commons.lang3.text.StrBuilderAppendInsertTest" name="testInsert"/>
  <testcase time="0" classname="org.apache.commons.lang3.text.StrBuilderAppendInsertTest" name="testInsertWithNullText"/>
</testsuite>