<?xml version="1.0" encoding="UTF-8" ?>
<testsuite failures="0" time="0.007" errors="1" skipped="0" tests="12" name="org.apache.commons.math.analysis.solvers.BisectionSolverTest">
  <properties>
    <property name="java.runtime.name" value="OpenJDK Runtime Environment"/>
    <property name="sun.boot.library.path" value="/usr/lib/jvm/java-7-openjdk-amd64/jre/lib/amd64"/>
    <property name="java.vm.version" value="24.95-b01"/>
    <property name="java.vm.vendor" value="Oracle Corporation"/>
    <property name="java.vendor.url" value="http://java.oracle.com/"/>
    <property name="path.separator" value=":"/>
    <property name="java.vm.name" value="OpenJDK 64-Bit Server VM"/>
    <property name="file.encoding.pkg" value="sun.io"/>
    <property name="user.country" value="US"/>
    <property name="sun.java.launcher" value="SUN_STANDARD"/>
    <property name="sun.os.patch.level" value="unknown"/>
    <property name="java.vm.specification.name" value="Java Virtual Machine Specification"/>
    <property name="user.dir" value="/mnt/secondary/projects/math/math_70"/>
    <property name="java.runtime.version" value="1.7.0_95-b00"/>
    <property name="java.awt.graphicsenv" value="sun.awt.X11GraphicsEnvironment"/>
    <property name="basedir" value="/mnt/secondary/projects/math/math_70"/>
    <property name="java.endorsed.dirs" value="/usr/lib/jvm/java-7-openjdk-amd64/jre/lib/endorsed"/>
    <property name="os.arch" value="amd64"/>
    <property name="surefire.real.class.path" value="/tmp/surefirebooter8259756789103208509.jar"/>
    <property name="java.io.tmpdir" value="/tmp"/>
    <property name="line.separator" value="
"/>
    <property name="java.vm.specification.vendor" value="Oracle Corporation"/>
    <property name="os.name" value="Linux"/>
    <property name="sun.jnu.encoding" value="UTF-8"/>
    <property name="java.library.path" value="/home/thomas/jetbreain/idea-IU/bin::/usr/java/packages/lib/amd64:/usr/lib/x86_64-linux-gnu/jni:/lib/x86_64-linux-gnu:/usr/lib/x86_64-linux-gnu:/usr/lib/jni:/lib:/usr/lib"/>
    <property name="surefire.test.class.path" value="/mnt/secondary/projects/math/math_70/target/test-classes:/mnt/secondary/projects/math/math_70/target/classes:/home/thomas/.m2/repository/junit/junit/4.4/junit-4.4.jar:"/>
    <property name="java.specification.name" value="Java Platform API Specification"/>
    <property name="java.class.version" value="51.0"/>
    <property name="sun.management.compiler" value="HotSpot 64-Bit Tiered Compilers"/>
    <property name="os.version" value="4.4.0-67-generic"/>
    <property name="user.home" value="/home/thomas"/>
    <property name="user.timezone" value=""/>
    <property name="java.awt.printerjob" value="sun.print.PSPrinterJob"/>
    <property name="file.encoding" value="UTF-8"/>
    <property name="java.specification.version" value="1.7"/>
    <property name="user.name" value="thomas"/>
    <property name="java.class.path" value="/mnt/secondary/projects/math/math_70/target/test-classes:/mnt/secondary/projects/math/math_70/target/classes:/home/thomas/.m2/repository/junit/junit/4.4/junit-4.4.jar:"/>
    <property name="java.vm.specification.version" value="1.7"/>
    <property name="sun.arch.data.model" value="64"/>
    <property name="java.home" value="/usr/lib/jvm/java-7-openjdk-amd64/jre"/>
    <property name="sun.java.command" value="/tmp/surefirebooter8259756789103208509.jar /tmp/surefire1095019195471029421tmp /tmp/surefire2272132332234949885tmp"/>
    <property name="java.specification.vendor" value="Oracle Corporation"/>
    <property name="user.language" value="en"/>
    <property name="awt.toolkit" value="sun.awt.X11.XToolkit"/>
    <property name="java.vm.info" value="mixed mode"/>
    <property name="java.version" value="1.7.0_95"/>
    <property name="java.ext.dirs" value="/usr/lib/jvm/java-7-openjdk-amd64/jre/lib/ext:/usr/java/packages/lib/ext"/>
    <property name="sun.boot.class.path" value="/usr/lib/jvm/java-7-openjdk-amd64/jre/lib/resources.jar:/usr/lib/jvm/java-7-openjdk-amd64/jre/lib/rt.jar:/usr/lib/jvm/java-7-openjdk-amd64/jre/lib/sunrsasign.jar:/usr/lib/jvm/java-7-openjdk-amd64/jre/lib/jsse.jar:/usr/lib/jvm/java-7-openjdk-amd64/jre/lib/jce.jar:/usr/lib/jvm/java-7-openjdk-amd64/jre/lib/charsets.jar:/usr/lib/jvm/java-7-openjdk-amd64/jre/lib/rhino.jar:/usr/lib/jvm/java-7-openjdk-amd64/jre/lib/jfr.jar:/usr/lib/jvm/java-7-openjdk-amd64/jre/classes"/>
    <property name="java.vendor" value="Oracle Corporation"/>
    <property name="localRepository" value="/home/thomas/.m2/repository"/>
    <property name="file.separator" value="/"/>
    <property name="java.vendor.url.bug" value="http://bugreport.sun.com/bugreport/"/>
    <property name="sun.cpu.endian" value="little"/>
    <property name="sun.io.unicode.encoding" value="UnicodeLittle"/>
    <property name="sun.desktop" value="gnome"/>
    <property name="sun.cpu.isalist" value=""/>
  </properties>
  <testcase time="0.003" classname="org.apache.commons.math.analysis.solvers.BisectionSolverTest" name="testMath369">
    <error type="java.lang.NullPointerException">java.lang.NullPointerException
	at org.apache.commons.math.analysis.solvers.BisectionSolver.solve(BisectionSolver.java:88)
	at org.apache.commons.math.analysis.solvers.BisectionSolver.solve(BisectionSolver.java:66)
	at org.apache.commons.math.analysis.solvers.BisectionSolver.solve(BisectionSolver.java:72)
	at org.apache.commons.math.analysis.solvers.BisectionSolverTest.testMath369(BisectionSolverTest.java:101)
	at sun.reflect.NativeMethodAccessorImpl.invoke0(Native Method)
	at sun.reflect.NativeMethodAccessorImpl.invoke(NativeMethodAccessorImpl.java:57)
	at sun.reflect.DelegatingMethodAccessorImpl.invoke(DelegatingMethodAccessorImpl.java:43)
	at java.lang.reflect.Method.invoke(Method.java:606)
	at junit.framework.TestCase.runTest(TestCase.java:168)
	at junit.framework.TestCase.runBare(TestCase.java:134)
	at junit.framework.TestResult$1.protect(TestResult.java:110)
	at junit.framework.TestResult.runProtected(TestResult.java:128)
	at junit.framework.TestResult.run(TestResult.java:113)
	at junit.framework.TestCase.run(TestCase.java:124)
	at junit.framework.TestSuite.runTest(TestSuite.java:232)
	at junit.framework.TestSuite.run(TestSuite.java:227)
	at org.junit.internal.runners.JUnit38ClassRunner.run(JUnit38ClassRunner.java:81)
	at org.apache.maven.surefire.junit4.JUnit4TestSet.execute(JUnit4TestSet.java:59)
	at org.apache.maven.surefire.suite.AbstractDirectoryTestSuite.executeTestSet(AbstractDirectoryTestSuite.java:115)
	at org.apache.maven.surefire.suite.AbstractDirectoryTestSuite.execute(AbstractDirectoryTestSuite.java:102)
	at org.apache.maven.surefire.Surefire.run(Surefire.java:180)
	at sun.reflect.NativeMethodAccessorImpl.invoke0(Native Method)
	at sun.reflect.NativeMethodAccessorImpl.invoke(NativeMethodAccessorImpl.java:57)
	at sun.reflect.DelegatingMethodAccessorImpl.invoke(DelegatingMethodAccessorImpl.java:43)
	at java.lang.reflect.Method.invoke(Method.java:606)
	at org.apache.maven.surefire.booter.SurefireBooter.runSuitesInProcess(SurefireBooter.java:350)
	at org.apache.maven.surefire.booter.SurefireBooter.main(SurefireBooter.java:1021)
</error>
  </testcase>
  <testcase time="0.001" classname="org.apache.commons.math.analysis.solvers.BisectionSolverTest" name="testSetFunctionValueAccuracy"/>
  <testcase time="0" classname="org.apache.commons.math.analysis.solvers.BisectionSolverTest" name="testResetFunctionValueAccuracy"/>
  <testcase time="0" classname="org.apache.commons.math.analysis.solvers.BisectionSolverTest" name="testSetAbsoluteAccuracy"/>
  <testcase time="0" classname="org.apache.commons.math.analysis.solvers.BisectionSolverTest" name="testResetAbsoluteAccuracy"/>
  <testcase time="0.001" classname="org.apache.commons.math.analysis.solvers.BisectionSolverTest" name="testSetMaximalIterationCount"/>
  <testcase time="0" classname="org.apache.commons.math.analysis.solvers.BisectionSolverTest" name="testResetMaximalIterationCount"/>
  <testcase time="0" classname="org.apache.commons.math.analysis.solvers.BisectionSolverTest" name="testSetRelativeAccuracy"/>
  <testcase time="0" classname="org.apache.commons.math.analysis.solvers.BisectionSolverTest" name="testResetRelativeAccuracy"/>
  <testcase time="0.001" classname="org.apache.commons.math.analysis.solvers.BisectionSolverTest" name="testDeprecated"/>
  <testcase time="0" classname="org.apache.commons.math.analysis.solvers.BisectionSolverTest" name="testSinZero"/>
  <testcase time="0" classname="org.apache.commons.math.analysis.solvers.BisectionSolverTest" name="testQuinticZero"/>
</testsuite>