<?xml version="1.0" encoding="UTF-8" ?>
<testsuite failures="0" time="0.173" errors="0" skipped="0" tests="48" name="org.apache.commons.math.linear.BlockRealMatrixTest">
  <properties>
    <property name="java.runtime.name" value="OpenJDK Runtime Environment"/>
    <property name="sun.boot.library.path" value="/usr/lib/jvm/java-7-openjdk-amd64/jre/lib/amd64"/>
    <property name="java.vm.version" value="24.95-b01"/>
    <property name="java.vm.vendor" value="Oracle Corporation"/>
    <property name="java.vendor.url" value="http://java.oracle.com/"/>
    <property name="path.separator" value=":"/>
    <property name="java.vm.name" value="OpenJDK 64-Bit Server VM"/>
    <property name="file.encoding.pkg" value="sun.io"/>
    <property name="user.country" value="US"/>
    <property name="sun.java.launcher" value="SUN_STANDARD"/>
    <property name="sun.os.patch.level" value="unknown"/>
    <property name="java.vm.specification.name" value="Java Virtual Machine Specification"/>
    <property name="user.dir" value="/mnt/secondary/projects/math/math_70"/>
    <property name="java.runtime.version" value="1.7.0_95-b00"/>
    <property name="java.awt.graphicsenv" value="sun.awt.X11GraphicsEnvironment"/>
    <property name="basedir" value="/mnt/secondary/projects/math/math_70"/>
    <property name="java.endorsed.dirs" value="/usr/lib/jvm/java-7-openjdk-amd64/jre/lib/endorsed"/>
    <property name="os.arch" value="amd64"/>
    <property name="surefire.real.class.path" value="/tmp/surefirebooter8259756789103208509.jar"/>
    <property name="java.io.tmpdir" value="/tmp"/>
    <property name="line.separator" value="
"/>
    <property name="java.vm.specification.vendor" value="Oracle Corporation"/>
    <property name="os.name" value="Linux"/>
    <property name="sun.jnu.encoding" value="UTF-8"/>
    <property name="java.library.path" value="/home/thomas/jetbreain/idea-IU/bin::/usr/java/packages/lib/amd64:/usr/lib/x86_64-linux-gnu/jni:/lib/x86_64-linux-gnu:/usr/lib/x86_64-linux-gnu:/usr/lib/jni:/lib:/usr/lib"/>
    <property name="surefire.test.class.path" value="/mnt/secondary/projects/math/math_70/target/test-classes:/mnt/secondary/projects/math/math_70/target/classes:/home/thomas/.m2/repository/junit/junit/4.4/junit-4.4.jar:"/>
    <property name="java.specification.name" value="Java Platform API Specification"/>
    <property name="java.class.version" value="51.0"/>
    <property name="sun.management.compiler" value="HotSpot 64-Bit Tiered Compilers"/>
    <property name="os.version" value="4.4.0-67-generic"/>
    <property name="user.home" value="/home/thomas"/>
    <property name="user.timezone" value=""/>
    <property name="java.awt.printerjob" value="sun.print.PSPrinterJob"/>
    <property name="file.encoding" value="UTF-8"/>
    <property name="java.specification.version" value="1.7"/>
    <property name="user.name" value="thomas"/>
    <property name="java.class.path" value="/mnt/secondary/projects/math/math_70/target/test-classes:/mnt/secondary/projects/math/math_70/target/classes:/home/thomas/.m2/repository/junit/junit/4.4/junit-4.4.jar:"/>
    <property name="java.vm.specification.version" value="1.7"/>
    <property name="sun.arch.data.model" value="64"/>
    <property name="java.home" value="/usr/lib/jvm/java-7-openjdk-amd64/jre"/>
    <property name="sun.java.command" value="/tmp/surefirebooter8259756789103208509.jar /tmp/surefire1095019195471029421tmp /tmp/surefire2272132332234949885tmp"/>
    <property name="java.specification.vendor" value="Oracle Corporation"/>
    <property name="user.language" value="en"/>
    <property name="awt.toolkit" value="sun.awt.X11.XToolkit"/>
    <property name="java.vm.info" value="mixed mode"/>
    <property name="java.version" value="1.7.0_95"/>
    <property name="java.ext.dirs" value="/usr/lib/jvm/java-7-openjdk-amd64/jre/lib/ext:/usr/java/packages/lib/ext"/>
    <property name="sun.boot.class.path" value="/usr/lib/jvm/java-7-openjdk-amd64/jre/lib/resources.jar:/usr/lib/jvm/java-7-openjdk-amd64/jre/lib/rt.jar:/usr/lib/jvm/java-7-openjdk-amd64/jre/lib/sunrsasign.jar:/usr/lib/jvm/java-7-openjdk-amd64/jre/lib/jsse.jar:/usr/lib/jvm/java-7-openjdk-amd64/jre/lib/jce.jar:/usr/lib/jvm/java-7-openjdk-amd64/jre/lib/charsets.jar:/usr/lib/jvm/java-7-openjdk-amd64/jre/lib/rhino.jar:/usr/lib/jvm/java-7-openjdk-amd64/jre/lib/jfr.jar:/usr/lib/jvm/java-7-openjdk-amd64/jre/classes"/>
    <property name="java.vendor" value="Oracle Corporation"/>
    <property name="localRepository" value="/home/thomas/.m2/repository"/>
    <property name="file.separator" value="/"/>
    <property name="java.vendor.url.bug" value="http://bugreport.sun.com/bugreport/"/>
    <property name="sun.cpu.endian" value="little"/>
    <property name="sun.io.unicode.encoding" value="UnicodeLittle"/>
    <property name="sun.desktop" value="gnome"/>
    <property name="sun.cpu.isalist" value=""/>
  </properties>
  <testcase time="0.001" classname="org.apache.commons.math.linear.BlockRealMatrixTest" name="testAdd"/>
  <testcase time="0" classname="org.apache.commons.math.linear.BlockRealMatrixTest" name="testMultiply"/>
  <testcase time="0" classname="org.apache.commons.math.linear.BlockRealMatrixTest" name="testEqualsAndHashCode"/>
  <testcase time="0.001" classname="org.apache.commons.math.linear.BlockRealMatrixTest" name="testSerial"/>
  <testcase time="0.001" classname="org.apache.commons.math.linear.BlockRealMatrixTest" name="testToString"/>
  <testcase time="0.006" classname="org.apache.commons.math.linear.BlockRealMatrixTest" name="testCopyFunctions"/>
  <testcase time="0" classname="org.apache.commons.math.linear.BlockRealMatrixTest" name="testAddFail"/>
  <testcase time="0" classname="org.apache.commons.math.linear.BlockRealMatrixTest" name="testNorm"/>
  <testcase time="0.001" classname="org.apache.commons.math.linear.BlockRealMatrixTest" name="testPlusMinus"/>
  <testcase time="0" classname="org.apache.commons.math.linear.BlockRealMatrixTest" name="testMultiply2"/>
  <testcase time="0" classname="org.apache.commons.math.linear.BlockRealMatrixTest" name="testTrace"/>
  <testcase time="0.001" classname="org.apache.commons.math.linear.BlockRealMatrixTest" name="testScalarAdd"/>
  <testcase time="0.005" classname="org.apache.commons.math.linear.BlockRealMatrixTest" name="testOperate"/>
  <testcase time="0" classname="org.apache.commons.math.linear.BlockRealMatrixTest" name="testMath209"/>
  <testcase time="0.003" classname="org.apache.commons.math.linear.BlockRealMatrixTest" name="testTranspose"/>
  <testcase time="0" classname="org.apache.commons.math.linear.BlockRealMatrixTest" name="testPremultiplyVector"/>
  <testcase time="0" classname="org.apache.commons.math.linear.BlockRealMatrixTest" name="testPremultiply"/>
  <testcase time="0.001" classname="org.apache.commons.math.linear.BlockRealMatrixTest" name="testGetVectors"/>
  <testcase time="0" classname="org.apache.commons.math.linear.BlockRealMatrixTest" name="testGetEntry"/>
  <testcase time="0" classname="org.apache.commons.math.linear.BlockRealMatrixTest" name="testExamples"/>
  <testcase time="0" classname="org.apache.commons.math.linear.BlockRealMatrixTest" name="testGetRowMatrix"/>
  <testcase time="0" classname="org.apache.commons.math.linear.BlockRealMatrixTest" name="testGetColumnMatrix"/>
  <testcase time="0" classname="org.apache.commons.math.linear.BlockRealMatrixTest" name="testGetRowVector"/>
  <testcase time="0" classname="org.apache.commons.math.linear.BlockRealMatrixTest" name="testGetColumnVector"/>
  <testcase time="0" classname="org.apache.commons.math.linear.BlockRealMatrixTest" name="testSetSubMatrix"/>
  <testcase time="0" classname="org.apache.commons.math.linear.BlockRealMatrixTest" name="testDimensions"/>
  <testcase time="0" classname="org.apache.commons.math.linear.BlockRealMatrixTest" name="testGetSubMatrix"/>
  <testcase time="0" classname="org.apache.commons.math.linear.BlockRealMatrixTest" name="testCopySubMatrix"/>
  <testcase time="0.001" classname="org.apache.commons.math.linear.BlockRealMatrixTest" name="testSetRowMatrix"/>
  <testcase time="0" classname="org.apache.commons.math.linear.BlockRealMatrixTest" name="testSetColumnMatrix"/>
  <testcase time="0" classname="org.apache.commons.math.linear.BlockRealMatrixTest" name="testSetRowVector"/>
  <testcase time="0" classname="org.apache.commons.math.linear.BlockRealMatrixTest" name="testSetColumnVector"/>
  <testcase time="0" classname="org.apache.commons.math.linear.BlockRealMatrixTest" name="testGetRow"/>
  <testcase time="0" classname="org.apache.commons.math.linear.BlockRealMatrixTest" name="testSetRow"/>
  <testcase time="0.001" classname="org.apache.commons.math.linear.BlockRealMatrixTest" name="testGetColumn"/>
  <testcase time="0" classname="org.apache.commons.math.linear.BlockRealMatrixTest" name="testSetColumn"/>
  <testcase time="0.021" classname="org.apache.commons.math.linear.BlockRealMatrixTest" name="testWalk"/>
  <testcase time="0" classname="org.apache.commons.math.linear.BlockRealMatrixTest" name="testFrobeniusNorm"/>
  <testcase time="0.032" classname="org.apache.commons.math.linear.BlockRealMatrixTest" name="testSeveralBlocks"/>
  <testcase time="0.055" classname="org.apache.commons.math.linear.BlockRealMatrixTest" name="testOperateLarge"/>
  <testcase time="0.019" classname="org.apache.commons.math.linear.BlockRealMatrixTest" name="testOperatePremultiplyLarge"/>
  <testcase time="0.004" classname="org.apache.commons.math.linear.BlockRealMatrixTest" name="testGetSetMatrixLarge"/>
  <testcase time="0.002" classname="org.apache.commons.math.linear.BlockRealMatrixTest" name="testGetSetRowMatrixLarge"/>
  <testcase time="0.001" classname="org.apache.commons.math.linear.BlockRealMatrixTest" name="testGetSetColumnMatrixLarge"/>
  <testcase time="0.001" classname="org.apache.commons.math.linear.BlockRealMatrixTest" name="testGetSetRowVectorLarge"/>
  <testcase time="0.002" classname="org.apache.commons.math.linear.BlockRealMatrixTest" name="testGetSetColumnVectorLarge"/>
  <testcase time="0.001" classname="org.apache.commons.math.linear.BlockRealMatrixTest" name="testGetSetRowLarge"/>
  <testcase time="0.002" classname="org.apache.commons.math.linear.BlockRealMatrixTest" name="testGetSetColumnLarge"/>
</testsuite>